0 info it worked if it ends with ok
1 verbose cli [ '/Users/tudor/.meteor/packages/meteor-tool/.1.4.0.hl4wt2++os.osx.x86_64+web.browser+web.cordova/mt-os.osx.x86_64/dev_bundle/bin/node',
1 verbose cli   '/Users/tudor/.meteor/packages/meteor-tool/.1.4.0.hl4wt2++os.osx.x86_64+web.browser+web.cordova/mt-os.osx.x86_64/dev_bundle/bin/npm',
1 verbose cli   'install',
1 verbose cli   'bcrypt' ]
2 info using npm@3.10.5
3 info using node@v4.4.7
4 silly loadCurrentTree Starting
5 silly install loadCurrentTree
6 silly install readLocalPackageData
7 silly fetchPackageMetaData bcrypt
8 silly fetchNamedPackageData bcrypt
9 silly mapToRegistry name bcrypt
10 silly mapToRegistry using default registry
11 silly mapToRegistry registry https://registry.npmjs.org/
12 silly mapToRegistry data Result {
12 silly mapToRegistry   raw: 'bcrypt',
12 silly mapToRegistry   scope: null,
12 silly mapToRegistry   escapedName: 'bcrypt',
12 silly mapToRegistry   name: 'bcrypt',
12 silly mapToRegistry   rawSpec: '',
12 silly mapToRegistry   spec: 'latest',
12 silly mapToRegistry   type: 'tag' }
13 silly mapToRegistry uri https://registry.npmjs.org/bcrypt
14 verbose request uri https://registry.npmjs.org/bcrypt
15 verbose request no auth needed
16 info attempt registry request try #1 at 10:06:39 PM
17 verbose request id e0d728cbf01d8b9c
18 verbose etag "C732ZMNYAG6GBU1DOLULG793M"
19 http request GET https://registry.npmjs.org/bcrypt
20 http 304 https://registry.npmjs.org/bcrypt
21 verbose headers { date: 'Wed, 26 Oct 2016 20:06:45 GMT',
21 verbose headers   via: '1.1 varnish',
21 verbose headers   'cache-control': 'max-age=300',
21 verbose headers   etag: '"C732ZMNYAG6GBU1DOLULG793M"',
21 verbose headers   age: '57',
21 verbose headers   connection: 'keep-alive',
21 verbose headers   'x-served-by': 'cache-fra1250-FRA',
21 verbose headers   'x-cache': 'HIT',
21 verbose headers   'x-cache-hits': '1',
21 verbose headers   'x-timer': 'S1477512405.357508,VS0,VE0',
21 verbose headers   vary: 'Accept-Encoding' }
22 silly get cb [ 304,
22 silly get   { date: 'Wed, 26 Oct 2016 20:06:45 GMT',
22 silly get     via: '1.1 varnish',
22 silly get     'cache-control': 'max-age=300',
22 silly get     etag: '"C732ZMNYAG6GBU1DOLULG793M"',
22 silly get     age: '57',
22 silly get     connection: 'keep-alive',
22 silly get     'x-served-by': 'cache-fra1250-FRA',
22 silly get     'x-cache': 'HIT',
22 silly get     'x-cache-hits': '1',
22 silly get     'x-timer': 'S1477512405.357508,VS0,VE0',
22 silly get     vary: 'Accept-Encoding' } ]
23 verbose etag https://registry.npmjs.org/bcrypt from cache
24 verbose get saving bcrypt to /Users/tudor/.npm/registry.npmjs.org/bcrypt/.cache.json
25 verbose correctMkdir /Users/tudor/.npm correctMkdir not in flight; initializing
26 silly install normalizeTree
27 silly loadCurrentTree Finishing
28 silly loadIdealTree Starting
29 silly install loadIdealTree
30 silly cloneCurrentTree Starting
31 silly install cloneCurrentTreeToIdealTree
32 silly cloneCurrentTree Finishing
33 silly loadShrinkwrap Starting
34 silly install loadShrinkwrap
35 silly loadShrinkwrap Finishing
36 silly loadAllDepsIntoIdealTree Starting
37 silly install loadAllDepsIntoIdealTree
38 silly resolveWithNewModule bcrypt@0.8.7 checking installable status
39 silly cache add args [ 'bcrypt', null ]
40 verbose cache add spec bcrypt
41 silly cache add parsed spec Result {
41 silly cache add   raw: 'bcrypt',
41 silly cache add   scope: null,
41 silly cache add   escapedName: 'bcrypt',
41 silly cache add   name: 'bcrypt',
41 silly cache add   rawSpec: '',
41 silly cache add   spec: 'latest',
41 silly cache add   type: 'tag' }
42 silly addNamed bcrypt@latest
43 verbose addNamed "latest" is being treated as a dist-tag for bcrypt
44 info addNameTag [ 'bcrypt', 'latest' ]
45 silly mapToRegistry name bcrypt
46 silly mapToRegistry using default registry
47 silly mapToRegistry registry https://registry.npmjs.org/
48 silly mapToRegistry data Result {
48 silly mapToRegistry   raw: 'bcrypt',
48 silly mapToRegistry   scope: null,
48 silly mapToRegistry   escapedName: 'bcrypt',
48 silly mapToRegistry   name: 'bcrypt',
48 silly mapToRegistry   rawSpec: '',
48 silly mapToRegistry   spec: 'latest',
48 silly mapToRegistry   type: 'tag' }
49 silly mapToRegistry uri https://registry.npmjs.org/bcrypt
50 verbose addNameTag registry:https://registry.npmjs.org/bcrypt not in flight; fetching
51 verbose get https://registry.npmjs.org/bcrypt not expired, no request
52 silly addNameTag next cb for bcrypt with tag latest
53 silly addNamed bcrypt@0.8.7
54 verbose addNamed "0.8.7" is a plain semver version for bcrypt
55 silly cache afterAdd bcrypt@0.8.7
56 verbose afterAdd /Users/tudor/.npm/bcrypt/0.8.7/package/package.json not in flight; writing
57 verbose correctMkdir /Users/tudor/.npm correctMkdir not in flight; initializing
58 verbose afterAdd /Users/tudor/.npm/bcrypt/0.8.7/package/package.json written
59 silly fetchNamedPackageData nan
60 silly mapToRegistry name nan
61 silly mapToRegistry using default registry
62 silly mapToRegistry registry https://registry.npmjs.org/
63 silly mapToRegistry data Result {
63 silly mapToRegistry   raw: 'nan',
63 silly mapToRegistry   scope: null,
63 silly mapToRegistry   escapedName: 'nan',
63 silly mapToRegistry   name: 'nan',
63 silly mapToRegistry   rawSpec: '',
63 silly mapToRegistry   spec: 'latest',
63 silly mapToRegistry   type: 'tag' }
64 silly mapToRegistry uri https://registry.npmjs.org/nan
65 verbose request uri https://registry.npmjs.org/nan
66 verbose request no auth needed
67 info attempt registry request try #1 at 10:06:42 PM
68 verbose etag "2QXFPVXUU9DUUTAACVV4FOU2Z"
69 http request GET https://registry.npmjs.org/nan
70 http 304 https://registry.npmjs.org/nan
71 verbose headers { date: 'Wed, 26 Oct 2016 20:06:46 GMT',
71 verbose headers   via: '1.1 varnish',
71 verbose headers   'cache-control': 'max-age=300',
71 verbose headers   etag: '"2QXFPVXUU9DUUTAACVV4FOU2Z"',
71 verbose headers   age: '57',
71 verbose headers   connection: 'keep-alive',
71 verbose headers   'x-served-by': 'cache-fra1250-FRA',
71 verbose headers   'x-cache': 'HIT',
71 verbose headers   'x-cache-hits': '3',
71 verbose headers   'x-timer': 'S1477512406.336938,VS0,VE0',
71 verbose headers   vary: 'Accept-Encoding' }
72 silly get cb [ 304,
72 silly get   { date: 'Wed, 26 Oct 2016 20:06:46 GMT',
72 silly get     via: '1.1 varnish',
72 silly get     'cache-control': 'max-age=300',
72 silly get     etag: '"2QXFPVXUU9DUUTAACVV4FOU2Z"',
72 silly get     age: '57',
72 silly get     connection: 'keep-alive',
72 silly get     'x-served-by': 'cache-fra1250-FRA',
72 silly get     'x-cache': 'HIT',
72 silly get     'x-cache-hits': '3',
72 silly get     'x-timer': 'S1477512406.336938,VS0,VE0',
72 silly get     vary: 'Accept-Encoding' } ]
73 verbose etag https://registry.npmjs.org/nan from cache
74 verbose get saving nan to /Users/tudor/.npm/registry.npmjs.org/nan/.cache.json
75 verbose correctMkdir /Users/tudor/.npm correctMkdir not in flight; initializing
76 silly resolveWithNewModule nan@2.3.5 checking installable status
77 silly cache add args [ 'nan@2.3.5', null ]
78 verbose cache add spec nan@2.3.5
79 silly cache add parsed spec Result {
79 silly cache add   raw: 'nan@2.3.5',
79 silly cache add   scope: null,
79 silly cache add   escapedName: 'nan',
79 silly cache add   name: 'nan',
79 silly cache add   rawSpec: '2.3.5',
79 silly cache add   spec: '2.3.5',
79 silly cache add   type: 'version' }
80 silly addNamed nan@2.3.5
81 verbose addNamed "2.3.5" is a plain semver version for nan
82 silly mapToRegistry name nan
83 silly mapToRegistry using default registry
84 silly mapToRegistry registry https://registry.npmjs.org/
85 silly mapToRegistry data Result {
85 silly mapToRegistry   raw: 'nan',
85 silly mapToRegistry   scope: null,
85 silly mapToRegistry   escapedName: 'nan',
85 silly mapToRegistry   name: 'nan',
85 silly mapToRegistry   rawSpec: '',
85 silly mapToRegistry   spec: 'latest',
85 silly mapToRegistry   type: 'tag' }
86 silly mapToRegistry uri https://registry.npmjs.org/nan
87 verbose addNameVersion registry:https://registry.npmjs.org/nan not in flight; fetching
88 verbose get https://registry.npmjs.org/nan not expired, no request
89 silly cache afterAdd nan@2.3.5
90 verbose afterAdd /Users/tudor/.npm/nan/2.3.5/package/package.json not in flight; writing
91 verbose correctMkdir /Users/tudor/.npm correctMkdir not in flight; initializing
92 verbose afterAdd /Users/tudor/.npm/nan/2.3.5/package/package.json written
93 silly loadAllDepsIntoIdealTree Finishing
94 silly loadIdealTree Finishing
95 silly currentTree meteor-example@
95 silly currentTree ├── @sketchpixy/isomorphic-relay-router@0.8.5
95 silly currentTree ├─┬ @sketchpixy/react-router-relay@0.13.4
95 silly currentTree │ └── invariant@2.2.1
95 silly currentTree ├── @sketchpixy/react-router-scroll@0.3.2
95 silly currentTree ├── @sketchpixy/redux-fetch-data@0.1.3
95 silly currentTree ├── @sketchpixy/rubix@2.9.10
95 silly currentTree ├─┬ @sketchpixy/scroll-behavior@0.8.1
95 silly currentTree │ └── invariant@2.2.1
95 silly currentTree ├── abbrev@1.0.9
95 silly currentTree ├── accepts@1.3.3
95 silly currentTree ├── acorn@3.3.0
95 silly currentTree ├── align-text@0.1.4
95 silly currentTree ├── alphanum-sort@1.0.2
95 silly currentTree ├── amdefine@1.0.0
95 silly currentTree ├── ansi-html@0.0.5
95 silly currentTree ├── ansi-regex@2.0.0
95 silly currentTree ├── ansi-styles@2.2.1
95 silly currentTree ├── anymatch@1.3.0
95 silly currentTree ├── aproba@1.0.4
95 silly currentTree ├── are-we-there-yet@1.1.2
95 silly currentTree ├── argparse@1.0.9
95 silly currentTree ├── arr-diff@2.0.0
95 silly currentTree ├── arr-flatten@1.0.1
95 silly currentTree ├── array-find-index@1.0.2
95 silly currentTree ├── array-index@1.0.0
95 silly currentTree ├── array-unique@0.2.1
95 silly currentTree ├── arrify@1.0.1
95 silly currentTree ├── asap@2.0.5
95 silly currentTree ├── asn1@0.2.3
95 silly currentTree ├── assert-plus@0.2.0
95 silly currentTree ├── assert@1.4.1
95 silly currentTree ├── async-each@1.0.1
95 silly currentTree ├── async-foreach@0.1.3
95 silly currentTree ├── async@1.5.2
95 silly currentTree ├── asynckit@0.4.0
95 silly currentTree ├── autoprefixer@6.5.1
95 silly currentTree ├── aws-sign2@0.6.0
95 silly currentTree ├── aws4@1.5.0
95 silly currentTree ├── axios@0.13.1
95 silly currentTree ├─┬ babel-code-frame@6.16.0
95 silly currentTree │ └── js-tokens@2.0.0
95 silly currentTree ├─┬ babel-core@6.18.0
95 silly currentTree │ └── source-map@0.5.6
95 silly currentTree ├─┬ babel-generator@6.18.0
95 silly currentTree │ └── source-map@0.5.6
95 silly currentTree ├── babel-helper-bindify-decorators@6.18.0
95 silly currentTree ├── babel-helper-builder-binary-assignment-operator-visitor@6.18.0
95 silly currentTree ├── babel-helper-builder-react-jsx@6.18.0
95 silly currentTree ├── babel-helper-call-delegate@6.18.0
95 silly currentTree ├── babel-helper-define-map@6.18.0
95 silly currentTree ├── babel-helper-explode-assignable-expression@6.18.0
95 silly currentTree ├── babel-helper-explode-class@6.18.0
95 silly currentTree ├── babel-helper-function-name@6.18.0
95 silly currentTree ├── babel-helper-get-function-arity@6.18.0
95 silly currentTree ├── babel-helper-hoist-variables@6.18.0
95 silly currentTree ├── babel-helper-optimise-call-expression@6.18.0
95 silly currentTree ├── babel-helper-regex@6.18.0
95 silly currentTree ├── babel-helper-remap-async-to-generator@6.18.0
95 silly currentTree ├── babel-helper-replace-supers@6.18.0
95 silly currentTree ├── babel-helpers@6.16.0
95 silly currentTree ├── babel-loader@6.2.6
95 silly currentTree ├── babel-messages@6.8.0
95 silly currentTree ├── babel-plugin-add-module-exports@0.1.4
95 silly currentTree ├── babel-plugin-check-es2015-constants@6.8.0
95 silly currentTree ├── babel-plugin-react-transform@2.0.2
95 silly currentTree ├── babel-plugin-syntax-async-functions@6.13.0
95 silly currentTree ├── babel-plugin-syntax-async-generators@6.13.0
95 silly currentTree ├── babel-plugin-syntax-class-constructor-call@6.18.0
95 silly currentTree ├── babel-plugin-syntax-class-properties@6.13.0
95 silly currentTree ├── babel-plugin-syntax-decorators@6.13.0
95 silly currentTree ├── babel-plugin-syntax-do-expressions@6.13.0
95 silly currentTree ├── babel-plugin-syntax-dynamic-import@6.18.0
95 silly currentTree ├── babel-plugin-syntax-exponentiation-operator@6.13.0
95 silly currentTree ├── babel-plugin-syntax-export-extensions@6.13.0
95 silly currentTree ├── babel-plugin-syntax-flow@6.18.0
95 silly currentTree ├── babel-plugin-syntax-function-bind@6.13.0
95 silly currentTree ├── babel-plugin-syntax-jsx@6.18.0
95 silly currentTree ├── babel-plugin-syntax-object-rest-spread@6.13.0
95 silly currentTree ├── babel-plugin-syntax-trailing-function-commas@6.13.0
95 silly currentTree ├── babel-plugin-transform-async-generator-functions@6.17.0
95 silly currentTree ├── babel-plugin-transform-async-to-generator@6.16.0
95 silly currentTree ├── babel-plugin-transform-class-constructor-call@6.18.0
95 silly currentTree ├── babel-plugin-transform-class-properties@6.18.0
95 silly currentTree ├── babel-plugin-transform-decorators-legacy@1.3.4
95 silly currentTree ├── babel-plugin-transform-decorators@6.13.0
95 silly currentTree ├── babel-plugin-transform-do-expressions@6.8.0
95 silly currentTree ├── babel-plugin-transform-es2015-arrow-functions@6.8.0
95 silly currentTree ├── babel-plugin-transform-es2015-block-scoped-functions@6.8.0
95 silly currentTree ├── babel-plugin-transform-es2015-block-scoping@6.18.0
95 silly currentTree ├── babel-plugin-transform-es2015-classes@6.18.0
95 silly currentTree ├── babel-plugin-transform-es2015-computed-properties@6.8.0
95 silly currentTree ├── babel-plugin-transform-es2015-destructuring@6.18.0
95 silly currentTree ├── babel-plugin-transform-es2015-duplicate-keys@6.8.0
95 silly currentTree ├── babel-plugin-transform-es2015-for-of@6.18.0
95 silly currentTree ├── babel-plugin-transform-es2015-function-name@6.9.0
95 silly currentTree ├── babel-plugin-transform-es2015-literals@6.8.0
95 silly currentTree ├── babel-plugin-transform-es2015-modules-amd@6.18.0
95 silly currentTree ├── babel-plugin-transform-es2015-modules-commonjs@6.18.0
95 silly currentTree ├── babel-plugin-transform-es2015-modules-systemjs@6.18.0
95 silly currentTree ├── babel-plugin-transform-es2015-modules-umd@6.18.0
95 silly currentTree ├── babel-plugin-transform-es2015-object-super@6.8.0
95 silly currentTree ├── babel-plugin-transform-es2015-parameters@6.18.0
95 silly currentTree ├── babel-plugin-transform-es2015-shorthand-properties@6.18.0
95 silly currentTree ├── babel-plugin-transform-es2015-spread@6.8.0
95 silly currentTree ├── babel-plugin-transform-es2015-sticky-regex@6.8.0
95 silly currentTree ├── babel-plugin-transform-es2015-template-literals@6.8.0
95 silly currentTree ├── babel-plugin-transform-es2015-typeof-symbol@6.18.0
95 silly currentTree ├── babel-plugin-transform-es2015-unicode-regex@6.11.0
95 silly currentTree ├── babel-plugin-transform-exponentiation-operator@6.8.0
95 silly currentTree ├── babel-plugin-transform-export-extensions@6.8.0
95 silly currentTree ├── babel-plugin-transform-flow-strip-types@6.18.0
95 silly currentTree ├── babel-plugin-transform-function-bind@6.8.0
95 silly currentTree ├── babel-plugin-transform-object-rest-spread@6.16.0
95 silly currentTree ├── babel-plugin-transform-react-display-name@6.8.0
95 silly currentTree ├── babel-plugin-transform-react-jsx-self@6.11.0
95 silly currentTree ├── babel-plugin-transform-react-jsx-source@6.9.0
95 silly currentTree ├── babel-plugin-transform-react-jsx@6.8.0
95 silly currentTree ├── babel-plugin-transform-regenerator@6.16.1
95 silly currentTree ├── babel-plugin-transform-strict-mode@6.18.0
95 silly currentTree ├── babel-preset-es2015@6.18.0
95 silly currentTree ├── babel-preset-react@6.16.0
95 silly currentTree ├── babel-preset-stage-0@6.16.0
95 silly currentTree ├── babel-preset-stage-1@6.16.0
95 silly currentTree ├── babel-preset-stage-2@6.18.0
95 silly currentTree ├── babel-preset-stage-3@6.17.0
95 silly currentTree ├── babel-register@6.18.0
95 silly currentTree ├── babel-relay-plugin@0.9.3
95 silly currentTree ├── babel-runtime@6.18.0
95 silly currentTree ├── babel-template@6.16.0
95 silly currentTree ├─┬ babel-traverse@6.18.0
95 silly currentTree │ └── invariant@2.2.1
95 silly currentTree ├── babel-types@6.18.0
95 silly currentTree ├── babel@6.5.2
95 silly currentTree ├── babylon@6.13.1
95 silly currentTree ├── balanced-match@0.4.2
95 silly currentTree ├── base64-js@1.2.0
95 silly currentTree ├── Base64@0.2.1
95 silly currentTree ├── bcrypt-pbkdf@1.0.0
95 silly currentTree ├── big.js@3.1.3
95 silly currentTree ├── binary-extensions@1.7.0
95 silly currentTree ├── bindings@1.2.1
95 silly currentTree ├── block-stream@0.0.9
95 silly currentTree ├── boom@2.10.1
95 silly currentTree ├── brace-expansion@1.1.6
95 silly currentTree ├── braces@1.8.5
95 silly currentTree ├── browserify-zlib@0.1.4
95 silly currentTree ├── browserslist@1.4.0
95 silly currentTree ├── buffer-shims@1.0.0
95 silly currentTree ├── buffer@4.9.1
95 silly currentTree ├── builtin-modules@1.1.1
95 silly currentTree ├── bytes@2.4.0
95 silly currentTree ├── camelcase-keys@2.1.0
95 silly currentTree ├── camelcase@2.1.1
95 silly currentTree ├── caniuse-db@1.0.30000568
95 silly currentTree ├── caseless@0.11.0
95 silly currentTree ├── center-align@0.1.3
95 silly currentTree ├── chalk@1.1.3
95 silly currentTree ├── chokidar@1.6.1
95 silly currentTree ├── clap@1.1.1
95 silly currentTree ├── classnames@2.2.5
95 silly currentTree ├── cliui@3.2.0
95 silly currentTree ├── clone@1.0.2
95 silly currentTree ├── coa@1.0.1
95 silly currentTree ├── code-point-at@1.0.1
95 silly currentTree ├── color-convert@1.5.0
95 silly currentTree ├── color-name@1.1.1
95 silly currentTree ├── color-string@0.3.0
95 silly currentTree ├── color@0.11.3
95 silly currentTree ├── colormin@1.1.2
95 silly currentTree ├── colors@1.1.2
95 silly currentTree ├── combined-stream@1.0.5
95 silly currentTree ├── commander@2.9.0
95 silly currentTree ├── commondir@1.0.1
95 silly currentTree ├── concat-map@0.0.1
95 silly currentTree ├── console-browserify@1.1.0
95 silly currentTree ├── console-control-strings@1.1.0
95 silly currentTree ├── constants-browserify@0.0.1
95 silly currentTree ├── content-type@1.0.2
95 silly currentTree ├── convert-source-map@1.3.0
95 silly currentTree ├── core-js@2.4.1
95 silly currentTree ├── core-util-is@1.0.2
95 silly currentTree ├── cross-spawn@3.0.1
95 silly currentTree ├── cryptiles@2.0.5
95 silly currentTree ├── crypto-browserify@3.2.8
95 silly currentTree ├── css-color-names@0.0.4
95 silly currentTree ├── css-loader@0.23.1
95 silly currentTree ├── css-selector-tokenizer@0.5.4
95 silly currentTree ├── cssesc@0.1.0
95 silly currentTree ├── cssnano@3.8.0
95 silly currentTree ├─┬ csso@2.2.1
95 silly currentTree │ └── source-map@0.5.6
95 silly currentTree ├── currently-unhandled@0.4.1
95 silly currentTree ├── d@0.1.1
95 silly currentTree ├─┬ dashdash@1.14.0
95 silly currentTree │ └── assert-plus@1.0.0
95 silly currentTree ├── date-now@0.1.4
95 silly currentTree ├── debug@2.2.0
95 silly currentTree ├── decamelize@1.2.0
95 silly currentTree ├── defined@1.0.0
95 silly currentTree ├── delayed-stream@1.0.0
95 silly currentTree ├── delegates@1.0.0
95 silly currentTree ├── detect-indent@4.0.0
95 silly currentTree ├── dom-helpers@2.4.0
95 silly currentTree ├── dom-walk@0.1.1
95 silly currentTree ├── domain-browser@1.1.7
95 silly currentTree ├── ecc-jsbn@0.1.1
95 silly currentTree ├── emojis-list@2.1.0
95 silly currentTree ├── encoding@0.1.12
95 silly currentTree ├─┬ enhanced-resolve@0.9.1
95 silly currentTree │ └── memory-fs@0.2.0
95 silly currentTree ├── errno@0.1.4
95 silly currentTree ├── error-ex@1.3.0
95 silly currentTree ├── error-stack-parser@1.3.6
95 silly currentTree ├── es5-ext@0.10.12
95 silly currentTree ├── es6-iterator@2.0.0
95 silly currentTree ├── es6-promise@3.3.1
95 silly currentTree ├── es6-symbol@3.1.0
95 silly currentTree ├── escape-string-regexp@1.0.5
95 silly currentTree ├── esprima@2.7.3
95 silly currentTree ├── esutils@2.0.2
95 silly currentTree ├── events@1.1.1
95 silly currentTree ├── exec-sh@0.2.0
95 silly currentTree ├── expand-brackets@0.1.5
95 silly currentTree ├── expand-range@1.8.2
95 silly currentTree ├── expose-loader@0.7.1
95 silly currentTree ├── express-graphql@0.5.4
95 silly currentTree ├── extend@3.0.0
95 silly currentTree ├── extglob@0.3.2
95 silly currentTree ├── extract-text-webpack-plugin@0.9.1
95 silly currentTree ├── extsprintf@1.0.2
95 silly currentTree ├── fastparse@1.1.1
95 silly currentTree ├─┬ fbjs@0.8.5
95 silly currentTree │ └── core-js@1.2.7
95 silly currentTree ├── file-loader@0.8.5
95 silly currentTree ├── filename-regex@2.0.0
95 silly currentTree ├── fill-range@2.2.3
95 silly currentTree ├── find-cache-dir@0.1.1
95 silly currentTree ├── find-up@1.1.2
95 silly currentTree ├─┬ findup@0.1.5
95 silly currentTree │ ├── colors@0.6.2
95 silly currentTree │ └── commander@2.1.0
95 silly currentTree ├── flatten@1.0.2
95 silly currentTree ├── flux-standard-action@0.6.1
95 silly currentTree ├── follow-redirects@0.0.7
95 silly currentTree ├── for-in@0.1.6
95 silly currentTree ├── for-own@0.1.4
95 silly currentTree ├── forever-agent@0.6.1
95 silly currentTree ├── form-data@2.1.1
95 silly currentTree ├── fs.realpath@1.0.0
95 silly currentTree ├─┬ fsevents@1.0.14
95 silly currentTree │ ├── abbrev@1.0.9
95 silly currentTree │ ├── ansi-regex@2.0.0
95 silly currentTree │ ├── ansi-styles@2.2.1
95 silly currentTree │ ├── aproba@1.0.4
95 silly currentTree │ ├── are-we-there-yet@1.1.2
95 silly currentTree │ ├── asn1@0.2.3
95 silly currentTree │ ├── assert-plus@0.2.0
95 silly currentTree │ ├── async@1.5.2
95 silly currentTree │ ├── aws-sign2@0.6.0
95 silly currentTree │ ├── aws4@1.4.1
95 silly currentTree │ ├── balanced-match@0.4.2
95 silly currentTree │ ├─┬ bl@1.1.2
95 silly currentTree │ │ └── readable-stream@2.0.6
95 silly currentTree │ ├── block-stream@0.0.9
95 silly currentTree │ ├── boom@2.10.1
95 silly currentTree │ ├── brace-expansion@1.1.5
95 silly currentTree │ ├── buffer-shims@1.0.0
95 silly currentTree │ ├── caseless@0.11.0
95 silly currentTree │ ├── chalk@1.1.3
95 silly currentTree │ ├── code-point-at@1.0.0
95 silly currentTree │ ├── combined-stream@1.0.5
95 silly currentTree │ ├── commander@2.9.0
95 silly currentTree │ ├── concat-map@0.0.1
95 silly currentTree │ ├── console-control-strings@1.1.0
95 silly currentTree │ ├── core-util-is@1.0.2
95 silly currentTree │ ├── cryptiles@2.0.5
95 silly currentTree │ ├─┬ dashdash@1.14.0
95 silly currentTree │ │ └── assert-plus@1.0.0
95 silly currentTree │ ├── debug@2.2.0
95 silly currentTree │ ├── deep-extend@0.4.1
95 silly currentTree │ ├── delayed-stream@1.0.0
95 silly currentTree │ ├── delegates@1.0.0
95 silly currentTree │ ├── ecc-jsbn@0.1.1
95 silly currentTree │ ├── escape-string-regexp@1.0.5
95 silly currentTree │ ├── extend@3.0.0
95 silly currentTree │ ├── extsprintf@1.0.2
95 silly currentTree │ ├── forever-agent@0.6.1
95 silly currentTree │ ├── form-data@1.0.0-rc4
95 silly currentTree │ ├── fs.realpath@1.0.0
95 silly currentTree │ ├── fstream-ignore@1.0.5
95 silly currentTree │ ├── fstream@1.0.10
95 silly currentTree │ ├── gauge@2.6.0
95 silly currentTree │ ├── generate-function@2.0.0
95 silly currentTree │ ├── generate-object-property@1.2.0
95 silly currentTree │ ├─┬ getpass@0.1.6
95 silly currentTree │ │ └── assert-plus@1.0.0
95 silly currentTree │ ├── glob@7.0.5
95 silly currentTree │ ├── graceful-fs@4.1.4
95 silly currentTree │ ├── graceful-readlink@1.0.1
95 silly currentTree │ ├── har-validator@2.0.6
95 silly currentTree │ ├── has-ansi@2.0.0
95 silly currentTree │ ├── has-color@0.1.7
95 silly currentTree │ ├── has-unicode@2.0.1
95 silly currentTree │ ├── hawk@3.1.3
95 silly currentTree │ ├── hoek@2.16.3
95 silly currentTree │ ├── http-signature@1.1.1
95 silly currentTree │ ├── inflight@1.0.5
95 silly currentTree │ ├── inherits@2.0.1
95 silly currentTree │ ├── ini@1.3.4
95 silly currentTree │ ├── is-fullwidth-code-point@1.0.0
95 silly currentTree │ ├── is-my-json-valid@2.13.1
95 silly currentTree │ ├── is-property@1.0.2
95 silly currentTree │ ├── is-typedarray@1.0.0
95 silly currentTree │ ├── isarray@1.0.0
95 silly currentTree │ ├── isstream@0.1.2
95 silly currentTree │ ├── jodid25519@1.0.2
95 silly currentTree │ ├── jsbn@0.1.0
95 silly currentTree │ ├── json-schema@0.2.2
95 silly currentTree │ ├── json-stringify-safe@5.0.1
95 silly currentTree │ ├── jsonpointer@2.0.0
95 silly currentTree │ ├── jsprim@1.3.0
95 silly currentTree │ ├── mime-db@1.23.0
95 silly currentTree │ ├── mime-types@2.1.11
95 silly currentTree │ ├── minimatch@3.0.2
95 silly currentTree │ ├── minimist@0.0.8
95 silly currentTree │ ├── mkdirp@0.5.1
95 silly currentTree │ ├── ms@0.7.1
95 silly currentTree │ ├── node-pre-gyp@0.6.29
95 silly currentTree │ ├── node-uuid@1.4.7
95 silly currentTree │ ├── nopt@3.0.6
95 silly currentTree │ ├── npmlog@3.1.2
95 silly currentTree │ ├── number-is-nan@1.0.0
95 silly currentTree │ ├── oauth-sign@0.8.2
95 silly currentTree │ ├── object-assign@4.1.0
95 silly currentTree │ ├── once@1.3.3
95 silly currentTree │ ├── path-is-absolute@1.0.0
95 silly currentTree │ ├── pinkie-promise@2.0.1
95 silly currentTree │ ├── pinkie@2.0.4
95 silly currentTree │ ├── process-nextick-args@1.0.7
95 silly currentTree │ ├── qs@6.2.0
95 silly currentTree │ ├─┬ rc@1.1.6
95 silly currentTree │ │ └── minimist@1.2.0
95 silly currentTree │ ├── readable-stream@2.1.4
95 silly currentTree │ ├── request@2.73.0
95 silly currentTree │ ├── rimraf@2.5.3
95 silly currentTree │ ├── semver@5.2.0
95 silly currentTree │ ├── set-blocking@2.0.0
95 silly currentTree │ ├── signal-exit@3.0.0
95 silly currentTree │ ├── sntp@1.0.9
95 silly currentTree │ ├─┬ sshpk@1.8.3
95 silly currentTree │ │ └── assert-plus@1.0.0
95 silly currentTree │ ├── string_decoder@0.10.31
95 silly currentTree │ ├── string-width@1.0.1
95 silly currentTree │ ├── stringstream@0.0.5
95 silly currentTree │ ├── strip-ansi@3.0.1
95 silly currentTree │ ├── strip-json-comments@1.0.4
95 silly currentTree │ ├── supports-color@2.0.0
95 silly currentTree │ ├── tar-pack@3.1.4
95 silly currentTree │ ├── tar@2.2.1
95 silly currentTree │ ├── tough-cookie@2.2.2
95 silly currentTree │ ├── tunnel-agent@0.4.3
95 silly currentTree │ ├── tweetnacl@0.13.3
95 silly currentTree │ ├── uid-number@0.0.6
95 silly currentTree │ ├── util-deprecate@1.0.2
95 silly currentTree │ ├── verror@1.3.6
95 silly currentTree │ ├── wide-align@1.1.0
95 silly currentTree │ ├── wrappy@1.0.2
95 silly currentTree │ └── xtend@4.0.1
95 silly currentTree ├── fstream@1.0.10
95 silly currentTree ├── function-bind@1.1.0
95 silly currentTree ├── gauge@2.6.0
95 silly currentTree ├── gaze@1.1.2
95 silly currentTree ├── generate-function@2.0.0
95 silly currentTree ├── generate-object-property@1.2.0
95 silly currentTree ├── get-caller-file@1.0.2
95 silly currentTree ├── get-stdin@4.0.1
95 silly currentTree ├─┬ getpass@0.1.6
95 silly currentTree │ └── assert-plus@1.0.0
95 silly currentTree ├── glob-base@0.3.0
95 silly currentTree ├── glob-parent@2.0.0
95 silly currentTree ├── glob@7.1.1
95 silly currentTree ├── global@4.3.1
95 silly currentTree ├── globals@9.12.0
95 silly currentTree ├── globule@1.1.0
95 silly currentTree ├── graceful-fs@4.1.9
95 silly currentTree ├── graceful-readlink@1.0.1
95 silly currentTree ├── graphql-relay@0.4.3
95 silly currentTree ├── graphql@0.6.2
95 silly currentTree ├── har-validator@2.0.6
95 silly currentTree ├── has-ansi@2.0.0
95 silly currentTree ├── has-color@0.1.7
95 silly currentTree ├── has-flag@1.0.0
95 silly currentTree ├── has-unicode@2.0.1
95 silly currentTree ├── has@1.0.1
95 silly currentTree ├── hawk@3.1.3
95 silly currentTree ├── history@3.2.1
95 silly currentTree ├── hoek@2.16.3
95 silly currentTree ├── hoist-non-react-statics@1.2.0
95 silly currentTree ├── home-or-tmp@2.0.0
95 silly currentTree ├── hosted-git-info@2.1.5
95 silly currentTree ├── html-comment-regex@1.1.1
95 silly currentTree ├── html-entities@1.2.0
95 silly currentTree ├── http-browserify@1.7.0
95 silly currentTree ├── http-errors@1.5.0
95 silly currentTree ├── http-signature@1.1.1
95 silly currentTree ├── https-browserify@0.0.0
95 silly currentTree ├── iconv-lite@0.4.13
95 silly currentTree ├── icss-replace-symbols@1.0.2
95 silly currentTree ├── ieee754@1.1.8
95 silly currentTree ├── immutable@3.8.1
95 silly currentTree ├── in-publish@2.0.0
95 silly currentTree ├── indent-string@2.1.0
95 silly currentTree ├── indexes-of@1.0.1
95 silly currentTree ├── indexof@0.0.1
95 silly currentTree ├── inflight@1.0.6
95 silly currentTree ├── inherits@2.0.1
95 silly currentTree ├── interpret@0.6.6
95 silly currentTree ├── invariant@2.2.1
95 silly currentTree ├── invert-kv@1.0.0
95 silly currentTree ├── is-absolute-url@2.0.0
95 silly currentTree ├── is-arrayish@0.2.1
95 silly currentTree ├── is-binary-path@1.0.1
95 silly currentTree ├── is-buffer@1.1.4
95 silly currentTree ├── is-builtin-module@1.0.0
95 silly currentTree ├── is-dotfile@1.0.2
95 silly currentTree ├── is-equal-shallow@0.1.3
95 silly currentTree ├── is-extendable@0.1.1
95 silly currentTree ├── is-extglob@1.0.0
95 silly currentTree ├── is-finite@1.0.2
95 silly currentTree ├── is-fullwidth-code-point@1.0.0
95 silly currentTree ├── is-glob@2.0.1
95 silly currentTree ├── is-my-json-valid@2.15.0
95 silly currentTree ├── is-number@2.1.0
95 silly currentTree ├── is-plain-obj@1.1.0
95 silly currentTree ├── is-posix-bracket@0.1.1
95 silly currentTree ├── is-primitive@2.0.0
95 silly currentTree ├── is-property@1.0.2
95 silly currentTree ├── is-stream@1.1.0
95 silly currentTree ├── is-svg@2.0.1
95 silly currentTree ├── is-typedarray@1.0.0
95 silly currentTree ├── is-utf8@0.2.1
95 silly currentTree ├── isarray@1.0.0
95 silly currentTree ├── isexe@1.1.2
95 silly currentTree ├── isobject@2.1.0
95 silly currentTree ├── isomorphic-fetch@2.2.1
95 silly currentTree ├── isomorphic-relay@0.7.3
95 silly currentTree ├── isstream@0.1.2
95 silly currentTree ├── iterall@1.0.2
95 silly currentTree ├── jodid25519@1.0.2
95 silly currentTree ├── js-base64@2.1.9
95 silly currentTree ├── js-tokens@1.0.3
95 silly currentTree ├── js-yaml@3.6.1
95 silly currentTree ├── jsbn@0.1.0
95 silly currentTree ├── jsesc@1.3.0
95 silly currentTree ├── json-loader@0.5.4
95 silly currentTree ├── json-schema@0.2.3
95 silly currentTree ├── json-stringify-safe@5.0.1
95 silly currentTree ├── json5@0.5.0
95 silly currentTree ├── jsonpointer@4.0.0
95 silly currentTree ├── jsprim@1.3.1
95 silly currentTree ├── keycode@2.1.7
95 silly currentTree ├── kind-of@3.0.4
95 silly currentTree ├── lazy-cache@1.0.4
95 silly currentTree ├── lcid@1.0.0
95 silly currentTree ├── load-json-file@1.1.0
95 silly currentTree ├── loader-utils@0.2.16
95 silly currentTree ├── lodash-compat@3.10.2
95 silly currentTree ├── lodash-es@4.16.4
95 silly currentTree ├── lodash._basefor@3.0.3
95 silly currentTree ├── lodash._createcompounder@3.0.0
95 silly currentTree ├── lodash._root@3.0.1
95 silly currentTree ├── lodash.assign@4.2.0
95 silly currentTree ├── lodash.camelcase@3.0.1
95 silly currentTree ├── lodash.clonedeep@4.5.0
95 silly currentTree ├── lodash.deburr@3.2.0
95 silly currentTree ├── lodash.indexof@4.0.5
95 silly currentTree ├── lodash.isarguments@3.1.0
95 silly currentTree ├── lodash.isarray@3.0.4
95 silly currentTree ├── lodash.isplainobject@3.2.0
95 silly currentTree ├── lodash.keysin@3.0.8
95 silly currentTree ├── lodash.words@3.2.0
95 silly currentTree ├── lodash@4.16.4
95 silly currentTree ├── longest@1.0.1
95 silly currentTree ├── loose-envify@1.2.0
95 silly currentTree ├── loud-rejection@1.6.0
95 silly currentTree ├── lru-cache@4.0.1
95 silly currentTree ├── macaddress@0.2.8
95 silly currentTree ├── map-obj@1.0.1
95 silly currentTree ├── math-expression-evaluator@1.2.14
95 silly currentTree ├── memory-fs@0.3.0
95 silly currentTree ├── meow@3.7.0
95 silly currentTree ├── merge@1.2.0
95 silly currentTree ├─┬ meteor-node-stubs@0.2.3
95 silly currentTree │ ├── assert@1.3.0
95 silly currentTree │ ├─┬ browserify-zlib@0.1.4
95 silly currentTree │ │ └── pako@0.2.8
95 silly currentTree │ ├─┬ buffer@4.5.1
95 silly currentTree │ │ ├── base64-js@1.1.2
95 silly currentTree │ │ ├── ieee754@1.1.6
95 silly currentTree │ │ └── isarray@1.0.0
95 silly currentTree │ ├─┬ console-browserify@1.1.0
95 silly currentTree │ │ └── date-now@0.1.4
95 silly currentTree │ ├── constants-browserify@1.0.0
95 silly currentTree │ ├─┬ crypto-browserify@3.11.0
95 silly currentTree │ │ ├─┬ browserify-cipher@1.0.0
95 silly currentTree │ │ │ ├─┬ browserify-aes@1.0.6
95 silly currentTree │ │ │ │ ├── buffer-xor@1.0.3
95 silly currentTree │ │ │ │ └── cipher-base@1.0.2
95 silly currentTree │ │ │ ├─┬ browserify-des@1.0.0
95 silly currentTree │ │ │ │ ├── cipher-base@1.0.2
95 silly currentTree │ │ │ │ └─┬ des.js@1.0.0
95 silly currentTree │ │ │ │   └── minimalistic-assert@1.0.0
95 silly currentTree │ │ │ └── evp_bytestokey@1.0.0
95 silly currentTree │ │ ├─┬ browserify-sign@4.0.0
95 silly currentTree │ │ │ ├── bn.js@4.11.1
95 silly currentTree │ │ │ ├── browserify-rsa@4.0.1
95 silly currentTree │ │ │ ├─┬ elliptic@6.2.3
95 silly currentTree │ │ │ │ ├── brorand@1.0.5
95 silly currentTree │ │ │ │ └── hash.js@1.0.3
95 silly currentTree │ │ │ └─┬ parse-asn1@5.0.0
95 silly currentTree │ │ │   ├─┬ asn1.js@4.5.2
95 silly currentTree │ │ │   │ └── minimalistic-assert@1.0.0
95 silly currentTree │ │ │   ├─┬ browserify-aes@1.0.6
95 silly currentTree │ │ │   │ ├── buffer-xor@1.0.3
95 silly currentTree │ │ │   │ └── cipher-base@1.0.2
95 silly currentTree │ │ │   └── evp_bytestokey@1.0.0
95 silly currentTree │ │ ├─┬ create-ecdh@4.0.0
95 silly currentTree │ │ │ ├── bn.js@4.11.1
95 silly currentTree │ │ │ └─┬ elliptic@6.2.3
95 silly currentTree │ │ │   ├── brorand@1.0.5
95 silly currentTree │ │ │   └── hash.js@1.0.3
95 silly currentTree │ │ ├─┬ create-hash@1.1.2
95 silly currentTree │ │ │ ├── cipher-base@1.0.2
95 silly currentTree │ │ │ ├── ripemd160@1.0.1
95 silly currentTree │ │ │ └── sha.js@2.4.5
95 silly currentTree │ │ ├── create-hmac@1.1.4
95 silly currentTree │ │ ├─┬ diffie-hellman@5.0.2
95 silly currentTree │ │ │ ├── bn.js@4.11.1
95 silly currentTree │ │ │ └─┬ miller-rabin@4.0.0
95 silly currentTree │ │ │   └── brorand@1.0.5
95 silly currentTree │ │ ├── inherits@2.0.1
95 silly currentTree │ │ ├── pbkdf2@3.0.4
95 silly currentTree │ │ ├─┬ public-encrypt@4.0.0
95 silly currentTree │ │ │ ├── bn.js@4.11.1
95 silly currentTree │ │ │ ├── browserify-rsa@4.0.1
95 silly currentTree │ │ │ └─┬ parse-asn1@5.0.0
95 silly currentTree │ │ │   ├─┬ asn1.js@4.5.2
95 silly currentTree │ │ │   │ └── minimalistic-assert@1.0.0
95 silly currentTree │ │ │   ├─┬ browserify-aes@1.0.6
95 silly currentTree │ │ │   │ ├── buffer-xor@1.0.3
95 silly currentTree │ │ │   │ └── cipher-base@1.0.2
95 silly currentTree │ │ │   └── evp_bytestokey@1.0.0
95 silly currentTree │ │ └── randombytes@2.0.3
95 silly currentTree │ ├── domain-browser@1.1.7
95 silly currentTree │ ├── events@1.1.0
95 silly currentTree │ ├─┬ http-browserify@1.7.0
95 silly currentTree │ │ ├── Base64@0.2.1
95 silly currentTree │ │ └── inherits@2.0.1
95 silly currentTree │ ├── https-browserify@0.0.1
95 silly currentTree │ ├── os-browserify@0.2.1
95 silly currentTree │ ├── path-browserify@0.0.0
95 silly currentTree │ ├── process@0.11.2
95 silly currentTree │ ├── punycode@1.4.1
95 silly currentTree │ ├── querystring-es3@0.2.1
95 silly currentTree │ ├─┬ readable-stream@2.0.6
95 silly currentTree │ │ ├── core-util-is@1.0.2
95 silly currentTree │ │ ├── inherits@2.0.1
95 silly currentTree │ │ ├── isarray@1.0.0
95 silly currentTree │ │ ├── process-nextick-args@1.0.6
95 silly currentTree │ │ └── util-deprecate@1.0.2
95 silly currentTree │ ├─┬ stream-browserify@2.0.1
95 silly currentTree │ │ └── inherits@2.0.1
95 silly currentTree │ ├── string_decoder@0.10.31
95 silly currentTree │ ├── timers-browserify@1.4.2
95 silly currentTree │ ├── tty-browserify@0.0.0
95 silly currentTree │ ├─┬ url@0.11.0
95 silly currentTree │ │ ├── punycode@1.3.2
95 silly currentTree │ │ └── querystring@0.2.0
95 silly currentTree │ ├─┬ util@0.10.3
95 silly currentTree │ │ └── inherits@2.0.1
95 silly currentTree │ └─┬ vm-browserify@0.0.4
95 silly currentTree │   └── indexof@0.0.1
95 silly currentTree ├── micromatch@2.3.11
95 silly currentTree ├── mime-db@1.24.0
95 silly currentTree ├── mime-types@2.1.12
95 silly currentTree ├── mime@1.2.11
95 silly currentTree ├── min-document@2.19.0
95 silly currentTree ├── minimatch@3.0.3
95 silly currentTree ├── minimist@1.2.0
95 silly currentTree ├─┬ mkdirp@0.5.1
95 silly currentTree │ └── minimist@0.0.8
95 silly currentTree ├── ms@0.7.1
95 silly currentTree ├── nan@2.4.0
95 silly currentTree ├── negotiator@0.6.1
95 silly currentTree ├── node-fetch@1.6.3
95 silly currentTree ├─┬ node-gyp@3.4.0
95 silly currentTree │ └── npmlog@3.1.2
95 silly currentTree ├─┬ node-libs-browser@0.6.0
95 silly currentTree │ ├── isarray@0.0.1
95 silly currentTree │ ├── process@0.11.9
95 silly currentTree │ └── readable-stream@1.1.14
95 silly currentTree ├── node-sass@3.10.1
95 silly currentTree ├── node-uuid@1.4.7
95 silly currentTree ├── nopt@3.0.6
95 silly currentTree ├── normalize-package-data@2.3.5
95 silly currentTree ├── normalize-path@2.0.1
95 silly currentTree ├── normalize-range@0.1.2
95 silly currentTree ├── normalize-url@1.7.0
95 silly currentTree ├── npmlog@4.0.0
95 silly currentTree ├── num2fraction@1.2.2
95 silly currentTree ├── number-is-nan@1.0.1
95 silly currentTree ├── oauth-sign@0.8.2
95 silly currentTree ├── object-assign@4.1.0
95 silly currentTree ├── object.omit@2.0.0
95 silly currentTree ├── once@1.4.0
95 silly currentTree ├─┬ optimist@0.6.1
95 silly currentTree │ └── minimist@0.0.10
95 silly currentTree ├── os-browserify@0.1.2
95 silly currentTree ├── os-homedir@1.0.2
95 silly currentTree ├── os-locale@1.4.0
95 silly currentTree ├── os-tmpdir@1.0.2
95 silly currentTree ├── osenv@0.1.3
95 silly currentTree ├── pako@0.2.9
95 silly currentTree ├── parse-glob@3.0.4
95 silly currentTree ├── parse-json@2.2.0
95 silly currentTree ├── path-array@1.0.1
95 silly currentTree ├── path-browserify@0.0.0
95 silly currentTree ├── path-exists@2.1.0
95 silly currentTree ├── path-is-absolute@1.0.1
95 silly currentTree ├── path-type@1.1.0
95 silly currentTree ├── pbkdf2-compat@2.0.1
95 silly currentTree ├── performance-now@0.2.0
95 silly currentTree ├── pify@2.3.0
95 silly currentTree ├── pinkie-promise@2.0.1
95 silly currentTree ├── pinkie@2.0.4
95 silly currentTree ├── pkg-dir@1.0.0
95 silly currentTree ├── postcss-calc@5.3.1
95 silly currentTree ├── postcss-colormin@2.2.1
95 silly currentTree ├── postcss-convert-values@2.4.1
95 silly currentTree ├── postcss-discard-comments@2.0.4
95 silly currentTree ├── postcss-discard-duplicates@2.0.1
95 silly currentTree ├── postcss-discard-empty@2.1.0
95 silly currentTree ├── postcss-discard-overridden@0.1.1
95 silly currentTree ├── postcss-discard-unused@2.2.2
95 silly currentTree ├── postcss-filter-plugins@2.0.2
95 silly currentTree ├── postcss-loader@0.9.1
95 silly currentTree ├── postcss-merge-idents@2.1.7
95 silly currentTree ├── postcss-merge-longhand@2.0.1
95 silly currentTree ├── postcss-merge-rules@2.0.10
95 silly currentTree ├── postcss-message-helpers@2.0.0
95 silly currentTree ├── postcss-minify-font-values@1.0.5
95 silly currentTree ├── postcss-minify-gradients@1.0.4
95 silly currentTree ├── postcss-minify-params@1.0.5
95 silly currentTree ├── postcss-minify-selectors@2.0.5
95 silly currentTree ├── postcss-modules-extract-imports@1.0.1
95 silly currentTree ├─┬ postcss-modules-local-by-default@1.1.1
95 silly currentTree │ ├── css-selector-tokenizer@0.6.0
95 silly currentTree │ └── regexpu-core@1.0.0
95 silly currentTree ├─┬ postcss-modules-scope@1.0.2
95 silly currentTree │ ├── css-selector-tokenizer@0.6.0
95 silly currentTree │ └── regexpu-core@1.0.0
95 silly currentTree ├── postcss-modules-values@1.2.2
95 silly currentTree ├── postcss-normalize-charset@1.1.0
95 silly currentTree ├── postcss-normalize-url@3.0.7
95 silly currentTree ├── postcss-ordered-values@2.2.2
95 silly currentTree ├── postcss-reduce-idents@2.3.1
95 silly currentTree ├── postcss-reduce-initial@1.0.0
95 silly currentTree ├── postcss-reduce-transforms@1.0.3
95 silly currentTree ├── postcss-selector-parser@2.2.1
95 silly currentTree ├── postcss-svgo@2.1.5
95 silly currentTree ├── postcss-unique-selectors@2.0.2
95 silly currentTree ├── postcss-value-parser@3.3.0
95 silly currentTree ├── postcss-zindex@2.1.1
95 silly currentTree ├─┬ postcss@5.2.5
95 silly currentTree │ ├── source-map@0.5.6
95 silly currentTree │ └── supports-color@3.1.2
95 silly currentTree ├── prepend-http@1.0.4
95 silly currentTree ├── preserve@0.2.0
95 silly currentTree ├── private@0.1.6
95 silly currentTree ├── process-nextick-args@1.0.7
95 silly currentTree ├── process@0.5.2
95 silly currentTree ├── promise@7.1.1
95 silly currentTree ├── prr@0.0.0
95 silly currentTree ├── pseudomap@1.0.2
95 silly currentTree ├── pubsub-js@1.5.4
95 silly currentTree ├── punycode@1.4.1
95 silly currentTree ├── q@1.4.1
95 silly currentTree ├── qs@6.3.0
95 silly currentTree ├── query-string@4.2.3
95 silly currentTree ├── querystring-es3@0.2.1
95 silly currentTree ├── querystring@0.2.0
95 silly currentTree ├── raf@3.3.0
95 silly currentTree ├── randomatic@1.1.5
95 silly currentTree ├── raw-body@2.1.7
95 silly currentTree ├── react-addons-pure-render-mixin@15.3.2
95 silly currentTree ├─┬ react-bootstrap@0.30.5
95 silly currentTree │ └── invariant@2.2.1
95 silly currentTree ├── react-deep-force-update@2.0.1
95 silly currentTree ├── react-dom@15.3.2
95 silly currentTree ├── react-hot-loader@3.0.0-beta.6
95 silly currentTree ├── react-motion@0.4.5
95 silly currentTree ├── react-overlays@0.6.10
95 silly currentTree ├── react-prop-types@0.4.0
95 silly currentTree ├── react-proxy@3.0.0-alpha.1
95 silly currentTree ├─┬ react-redux@4.4.5
95 silly currentTree │ ├── hoist-non-react-statics@1.2.0
95 silly currentTree │ └── invariant@2.2.1
95 silly currentTree ├── react-relay@0.9.3
95 silly currentTree ├── react-router-redux@4.0.6
95 silly currentTree ├── react-router@3.0.0
95 silly currentTree ├── react-static-container@1.0.1
95 silly currentTree ├── react-transform-catch-errors@1.0.2
95 silly currentTree ├─┬ react-transform-hmr@1.0.4
95 silly currentTree │ ├── react-deep-force-update@1.0.1
95 silly currentTree │ └── react-proxy@1.1.8
95 silly currentTree ├── react@15.3.2
95 silly currentTree ├── read-pkg-up@1.0.1
95 silly currentTree ├── read-pkg@1.1.0
95 silly currentTree ├── readable-stream@2.1.5
95 silly currentTree ├── readdirp@2.1.0
95 silly currentTree ├── redbox-react@1.3.2
95 silly currentTree ├── redent@1.0.0
95 silly currentTree ├── reduce-css-calc@1.3.0
95 silly currentTree ├─┬ reduce-function-call@1.0.1
95 silly currentTree │ └── balanced-match@0.1.0
95 silly currentTree ├── reduce-reducers@0.1.2
95 silly currentTree ├── redux-actions@0.9.1
95 silly currentTree ├── redux-thunk@2.1.0
95 silly currentTree ├── redux@3.6.0
95 silly currentTree ├── regenerate@1.3.1
95 silly currentTree ├── regenerator-runtime@0.9.5
95 silly currentTree ├── regex-cache@0.4.3
95 silly currentTree ├── regexpu-core@2.0.0
95 silly currentTree ├── regjsgen@0.2.0
95 silly currentTree ├─┬ regjsparser@0.1.5
95 silly currentTree │ └── jsesc@0.5.0
95 silly currentTree ├── repeat-element@1.1.2
95 silly currentTree ├── repeat-string@1.6.1
95 silly currentTree ├── repeating@2.0.1
95 silly currentTree ├── request-frame@1.5.3
95 silly currentTree ├── request@2.76.0
95 silly currentTree ├── require-directory@2.1.1
95 silly currentTree ├── require-main-filename@1.0.1
95 silly currentTree ├── right-align@0.1.3
95 silly currentTree ├── rimraf@2.5.4
95 silly currentTree ├── ripemd160@0.2.0
95 silly currentTree ├── rtlcss@2.0.6
95 silly currentTree ├── sass-graph@2.1.2
95 silly currentTree ├─┬ sass-loader@4.0.2
95 silly currentTree │ └── async@2.1.2
95 silly currentTree ├── sax@1.2.1
95 silly currentTree ├── semver@5.3.0
95 silly currentTree ├── set-blocking@2.0.0
95 silly currentTree ├── set-immediate-shim@1.0.1
95 silly currentTree ├── setprototypeof@1.0.1
95 silly currentTree ├── sha.js@2.2.6
95 silly currentTree ├── signal-exit@3.0.1
95 silly currentTree ├── slash@1.0.0
95 silly currentTree ├── sntp@1.0.9
95 silly currentTree ├── sort-keys@1.1.2
95 silly currentTree ├── source-list-map@0.1.6
95 silly currentTree ├─┬ source-map-support@0.4.5
95 silly currentTree │ └── source-map@0.5.6
95 silly currentTree ├── source-map@0.4.4
95 silly currentTree ├── spdx-correct@1.0.2
95 silly currentTree ├── spdx-expression-parse@1.0.4
95 silly currentTree ├── spdx-license-ids@1.2.2
95 silly currentTree ├── sprintf-js@1.0.3
95 silly currentTree ├─┬ sshpk@1.10.1
95 silly currentTree │ └── assert-plus@1.0.0
95 silly currentTree ├── stackframe@0.3.1
95 silly currentTree ├── statuses@1.3.0
95 silly currentTree ├─┬ stream-browserify@1.0.0
95 silly currentTree │ ├── isarray@0.0.1
95 silly currentTree │ └── readable-stream@1.1.14
95 silly currentTree ├── stream-consume@0.1.0
95 silly currentTree ├── strict-uri-encode@1.1.0
95 silly currentTree ├── string_decoder@0.10.31
95 silly currentTree ├── string-width@1.0.2
95 silly currentTree ├── stringstream@0.0.5
95 silly currentTree ├── strip-ansi@3.0.1
95 silly currentTree ├── strip-bom@2.0.0
95 silly currentTree ├── strip-indent@1.0.1
95 silly currentTree ├── strip-json-comments@2.0.1
95 silly currentTree ├── style-loader@0.13.1
95 silly currentTree ├── supports-color@2.0.0
95 silly currentTree ├── svgo@0.7.1
95 silly currentTree ├── symbol-observable@1.0.4
95 silly currentTree ├── tapable@0.1.10
95 silly currentTree ├── tar@2.2.1
95 silly currentTree ├─┬ timers-browserify@1.4.2
95 silly currentTree │ └── process@0.11.9
95 silly currentTree ├── to-fast-properties@1.0.2
95 silly currentTree ├── tough-cookie@2.3.2
95 silly currentTree ├── trim-newlines@1.0.0
95 silly currentTree ├── tty-browserify@0.0.0
95 silly currentTree ├── tunnel-agent@0.4.3
95 silly currentTree ├── tweetnacl@0.14.3
95 silly currentTree ├── ua-parser-js@0.7.10
95 silly currentTree ├─┬ uglify-js@2.7.4
95 silly currentTree │ ├── async@0.2.10
95 silly currentTree │ ├── camelcase@1.2.1
95 silly currentTree │ ├── cliui@2.1.0
95 silly currentTree │ ├── source-map@0.5.6
95 silly currentTree │ ├── window-size@0.1.0
95 silly currentTree │ ├── wordwrap@0.0.2
95 silly currentTree │ └── yargs@3.10.0
95 silly currentTree ├── uglify-to-browserify@1.0.2
95 silly currentTree ├─┬ uncontrollable@4.0.3
95 silly currentTree │ └── invariant@2.2.1
95 silly currentTree ├── uniq@1.0.1
95 silly currentTree ├── uniqid@4.1.0
95 silly currentTree ├── uniqs@2.0.0
95 silly currentTree ├── unpipe@1.0.0
95 silly currentTree ├── url-loader@0.5.7
95 silly currentTree ├─┬ url@0.10.3
95 silly currentTree │ └── punycode@1.3.2
95 silly currentTree ├── util-deprecate@1.0.2
95 silly currentTree ├── util@0.10.3
95 silly currentTree ├── validate-npm-package-license@3.0.1
95 silly currentTree ├── vendors@1.0.1
95 silly currentTree ├── verror@1.3.6
95 silly currentTree ├── vm-browserify@0.0.4
95 silly currentTree ├── warning@3.0.0
95 silly currentTree ├── watch@0.19.3
95 silly currentTree ├─┬ watchpack@0.2.9
95 silly currentTree │ └── async@0.9.2
95 silly currentTree ├── webpack-core@0.6.8
95 silly currentTree ├── webpack-hot-middleware@2.13.0
95 silly currentTree ├─┬ webpack@1.13.3
95 silly currentTree │ └── supports-color@3.1.2
95 silly currentTree ├── whatwg-fetch@1.0.0
95 silly currentTree ├── whet.extend@0.9.9
95 silly currentTree ├── which-module@1.0.0
95 silly currentTree ├── which@1.2.11
95 silly currentTree ├── wide-align@1.1.0
95 silly currentTree ├── window-size@0.2.0
95 silly currentTree ├── wordwrap@0.0.3
95 silly currentTree ├── wrap-ansi@2.0.0
95 silly currentTree ├── wrappy@1.0.2
95 silly currentTree ├── xtend@4.0.1
95 silly currentTree ├── y18n@3.2.1
95 silly currentTree ├── yallist@2.0.0
95 silly currentTree ├─┬ yargs-parser@2.4.1
95 silly currentTree │ └── camelcase@3.0.0
95 silly currentTree └── yargs@4.8.1
96 silly idealTree meteor-example@
96 silly idealTree ├── @sketchpixy/isomorphic-relay-router@0.8.5
96 silly idealTree ├─┬ @sketchpixy/react-router-relay@0.13.4
96 silly idealTree │ └── invariant@2.2.1
96 silly idealTree ├── @sketchpixy/react-router-scroll@0.3.2
96 silly idealTree ├── @sketchpixy/redux-fetch-data@0.1.3
96 silly idealTree ├── @sketchpixy/rubix@2.9.10
96 silly idealTree ├─┬ @sketchpixy/scroll-behavior@0.8.1
96 silly idealTree │ └── invariant@2.2.1
96 silly idealTree ├── abbrev@1.0.9
96 silly idealTree ├── accepts@1.3.3
96 silly idealTree ├── acorn@3.3.0
96 silly idealTree ├── align-text@0.1.4
96 silly idealTree ├── alphanum-sort@1.0.2
96 silly idealTree ├── amdefine@1.0.0
96 silly idealTree ├── ansi-html@0.0.5
96 silly idealTree ├── ansi-regex@2.0.0
96 silly idealTree ├── ansi-styles@2.2.1
96 silly idealTree ├── anymatch@1.3.0
96 silly idealTree ├── aproba@1.0.4
96 silly idealTree ├── are-we-there-yet@1.1.2
96 silly idealTree ├── argparse@1.0.9
96 silly idealTree ├── arr-diff@2.0.0
96 silly idealTree ├── arr-flatten@1.0.1
96 silly idealTree ├── array-find-index@1.0.2
96 silly idealTree ├── array-index@1.0.0
96 silly idealTree ├── array-unique@0.2.1
96 silly idealTree ├── arrify@1.0.1
96 silly idealTree ├── asap@2.0.5
96 silly idealTree ├── asn1@0.2.3
96 silly idealTree ├── assert-plus@0.2.0
96 silly idealTree ├── assert@1.4.1
96 silly idealTree ├── async-each@1.0.1
96 silly idealTree ├── async-foreach@0.1.3
96 silly idealTree ├── async@1.5.2
96 silly idealTree ├── asynckit@0.4.0
96 silly idealTree ├── autoprefixer@6.5.1
96 silly idealTree ├── aws-sign2@0.6.0
96 silly idealTree ├── aws4@1.5.0
96 silly idealTree ├── axios@0.13.1
96 silly idealTree ├─┬ babel-code-frame@6.16.0
96 silly idealTree │ └── js-tokens@2.0.0
96 silly idealTree ├─┬ babel-core@6.18.0
96 silly idealTree │ └── source-map@0.5.6
96 silly idealTree ├─┬ babel-generator@6.18.0
96 silly idealTree │ └── source-map@0.5.6
96 silly idealTree ├── babel-helper-bindify-decorators@6.18.0
96 silly idealTree ├── babel-helper-builder-binary-assignment-operator-visitor@6.18.0
96 silly idealTree ├── babel-helper-builder-react-jsx@6.18.0
96 silly idealTree ├── babel-helper-call-delegate@6.18.0
96 silly idealTree ├── babel-helper-define-map@6.18.0
96 silly idealTree ├── babel-helper-explode-assignable-expression@6.18.0
96 silly idealTree ├── babel-helper-explode-class@6.18.0
96 silly idealTree ├── babel-helper-function-name@6.18.0
96 silly idealTree ├── babel-helper-get-function-arity@6.18.0
96 silly idealTree ├── babel-helper-hoist-variables@6.18.0
96 silly idealTree ├── babel-helper-optimise-call-expression@6.18.0
96 silly idealTree ├── babel-helper-regex@6.18.0
96 silly idealTree ├── babel-helper-remap-async-to-generator@6.18.0
96 silly idealTree ├── babel-helper-replace-supers@6.18.0
96 silly idealTree ├── babel-helpers@6.16.0
96 silly idealTree ├── babel-loader@6.2.6
96 silly idealTree ├── babel-messages@6.8.0
96 silly idealTree ├── babel-plugin-add-module-exports@0.1.4
96 silly idealTree ├── babel-plugin-check-es2015-constants@6.8.0
96 silly idealTree ├── babel-plugin-react-transform@2.0.2
96 silly idealTree ├── babel-plugin-syntax-async-functions@6.13.0
96 silly idealTree ├── babel-plugin-syntax-async-generators@6.13.0
96 silly idealTree ├── babel-plugin-syntax-class-constructor-call@6.18.0
96 silly idealTree ├── babel-plugin-syntax-class-properties@6.13.0
96 silly idealTree ├── babel-plugin-syntax-decorators@6.13.0
96 silly idealTree ├── babel-plugin-syntax-do-expressions@6.13.0
96 silly idealTree ├── babel-plugin-syntax-dynamic-import@6.18.0
96 silly idealTree ├── babel-plugin-syntax-exponentiation-operator@6.13.0
96 silly idealTree ├── babel-plugin-syntax-export-extensions@6.13.0
96 silly idealTree ├── babel-plugin-syntax-flow@6.18.0
96 silly idealTree ├── babel-plugin-syntax-function-bind@6.13.0
96 silly idealTree ├── babel-plugin-syntax-jsx@6.18.0
96 silly idealTree ├── babel-plugin-syntax-object-rest-spread@6.13.0
96 silly idealTree ├── babel-plugin-syntax-trailing-function-commas@6.13.0
96 silly idealTree ├── babel-plugin-transform-async-generator-functions@6.17.0
96 silly idealTree ├── babel-plugin-transform-async-to-generator@6.16.0
96 silly idealTree ├── babel-plugin-transform-class-constructor-call@6.18.0
96 silly idealTree ├── babel-plugin-transform-class-properties@6.18.0
96 silly idealTree ├── babel-plugin-transform-decorators-legacy@1.3.4
96 silly idealTree ├── babel-plugin-transform-decorators@6.13.0
96 silly idealTree ├── babel-plugin-transform-do-expressions@6.8.0
96 silly idealTree ├── babel-plugin-transform-es2015-arrow-functions@6.8.0
96 silly idealTree ├── babel-plugin-transform-es2015-block-scoped-functions@6.8.0
96 silly idealTree ├── babel-plugin-transform-es2015-block-scoping@6.18.0
96 silly idealTree ├── babel-plugin-transform-es2015-classes@6.18.0
96 silly idealTree ├── babel-plugin-transform-es2015-computed-properties@6.8.0
96 silly idealTree ├── babel-plugin-transform-es2015-destructuring@6.18.0
96 silly idealTree ├── babel-plugin-transform-es2015-duplicate-keys@6.8.0
96 silly idealTree ├── babel-plugin-transform-es2015-for-of@6.18.0
96 silly idealTree ├── babel-plugin-transform-es2015-function-name@6.9.0
96 silly idealTree ├── babel-plugin-transform-es2015-literals@6.8.0
96 silly idealTree ├── babel-plugin-transform-es2015-modules-amd@6.18.0
96 silly idealTree ├── babel-plugin-transform-es2015-modules-commonjs@6.18.0
96 silly idealTree ├── babel-plugin-transform-es2015-modules-systemjs@6.18.0
96 silly idealTree ├── babel-plugin-transform-es2015-modules-umd@6.18.0
96 silly idealTree ├── babel-plugin-transform-es2015-object-super@6.8.0
96 silly idealTree ├── babel-plugin-transform-es2015-parameters@6.18.0
96 silly idealTree ├── babel-plugin-transform-es2015-shorthand-properties@6.18.0
96 silly idealTree ├── babel-plugin-transform-es2015-spread@6.8.0
96 silly idealTree ├── babel-plugin-transform-es2015-sticky-regex@6.8.0
96 silly idealTree ├── babel-plugin-transform-es2015-template-literals@6.8.0
96 silly idealTree ├── babel-plugin-transform-es2015-typeof-symbol@6.18.0
96 silly idealTree ├── babel-plugin-transform-es2015-unicode-regex@6.11.0
96 silly idealTree ├── babel-plugin-transform-exponentiation-operator@6.8.0
96 silly idealTree ├── babel-plugin-transform-export-extensions@6.8.0
96 silly idealTree ├── babel-plugin-transform-flow-strip-types@6.18.0
96 silly idealTree ├── babel-plugin-transform-function-bind@6.8.0
96 silly idealTree ├── babel-plugin-transform-object-rest-spread@6.16.0
96 silly idealTree ├── babel-plugin-transform-react-display-name@6.8.0
96 silly idealTree ├── babel-plugin-transform-react-jsx-self@6.11.0
96 silly idealTree ├── babel-plugin-transform-react-jsx-source@6.9.0
96 silly idealTree ├── babel-plugin-transform-react-jsx@6.8.0
96 silly idealTree ├── babel-plugin-transform-regenerator@6.16.1
96 silly idealTree ├── babel-plugin-transform-strict-mode@6.18.0
96 silly idealTree ├── babel-preset-es2015@6.18.0
96 silly idealTree ├── babel-preset-react@6.16.0
96 silly idealTree ├── babel-preset-stage-0@6.16.0
96 silly idealTree ├── babel-preset-stage-1@6.16.0
96 silly idealTree ├── babel-preset-stage-2@6.18.0
96 silly idealTree ├── babel-preset-stage-3@6.17.0
96 silly idealTree ├── babel-register@6.18.0
96 silly idealTree ├── babel-relay-plugin@0.9.3
96 silly idealTree ├── babel-runtime@6.18.0
96 silly idealTree ├── babel-template@6.16.0
96 silly idealTree ├─┬ babel-traverse@6.18.0
96 silly idealTree │ └── invariant@2.2.1
96 silly idealTree ├── babel-types@6.18.0
96 silly idealTree ├── babel@6.5.2
96 silly idealTree ├── babylon@6.13.1
96 silly idealTree ├── balanced-match@0.4.2
96 silly idealTree ├── base64-js@1.2.0
96 silly idealTree ├── Base64@0.2.1
96 silly idealTree ├── bcrypt-pbkdf@1.0.0
96 silly idealTree ├─┬ bcrypt@0.8.7
96 silly idealTree │ └── nan@2.3.5
96 silly idealTree ├── big.js@3.1.3
96 silly idealTree ├── binary-extensions@1.7.0
96 silly idealTree ├── bindings@1.2.1
96 silly idealTree ├── block-stream@0.0.9
96 silly idealTree ├── boom@2.10.1
96 silly idealTree ├── brace-expansion@1.1.6
96 silly idealTree ├── braces@1.8.5
96 silly idealTree ├── browserify-zlib@0.1.4
96 silly idealTree ├── browserslist@1.4.0
96 silly idealTree ├── buffer-shims@1.0.0
96 silly idealTree ├── buffer@4.9.1
96 silly idealTree ├── builtin-modules@1.1.1
96 silly idealTree ├── bytes@2.4.0
96 silly idealTree ├── camelcase-keys@2.1.0
96 silly idealTree ├── camelcase@2.1.1
96 silly idealTree ├── caniuse-db@1.0.30000568
96 silly idealTree ├── caseless@0.11.0
96 silly idealTree ├── center-align@0.1.3
96 silly idealTree ├── chalk@1.1.3
96 silly idealTree ├── chokidar@1.6.1
96 silly idealTree ├── clap@1.1.1
96 silly idealTree ├── classnames@2.2.5
96 silly idealTree ├── cliui@3.2.0
96 silly idealTree ├── clone@1.0.2
96 silly idealTree ├── coa@1.0.1
96 silly idealTree ├── code-point-at@1.0.1
96 silly idealTree ├── color-convert@1.5.0
96 silly idealTree ├── color-name@1.1.1
96 silly idealTree ├── color-string@0.3.0
96 silly idealTree ├── color@0.11.3
96 silly idealTree ├── colormin@1.1.2
96 silly idealTree ├── colors@1.1.2
96 silly idealTree ├── combined-stream@1.0.5
96 silly idealTree ├── commander@2.9.0
96 silly idealTree ├── commondir@1.0.1
96 silly idealTree ├── concat-map@0.0.1
96 silly idealTree ├── console-browserify@1.1.0
96 silly idealTree ├── console-control-strings@1.1.0
96 silly idealTree ├── constants-browserify@0.0.1
96 silly idealTree ├── content-type@1.0.2
96 silly idealTree ├── convert-source-map@1.3.0
96 silly idealTree ├── core-js@2.4.1
96 silly idealTree ├── core-util-is@1.0.2
96 silly idealTree ├── cross-spawn@3.0.1
96 silly idealTree ├── cryptiles@2.0.5
96 silly idealTree ├── crypto-browserify@3.2.8
96 silly idealTree ├── css-color-names@0.0.4
96 silly idealTree ├── css-loader@0.23.1
96 silly idealTree ├── css-selector-tokenizer@0.5.4
96 silly idealTree ├── cssesc@0.1.0
96 silly idealTree ├── cssnano@3.8.0
96 silly idealTree ├─┬ csso@2.2.1
96 silly idealTree │ └── source-map@0.5.6
96 silly idealTree ├── currently-unhandled@0.4.1
96 silly idealTree ├── d@0.1.1
96 silly idealTree ├─┬ dashdash@1.14.0
96 silly idealTree │ └── assert-plus@1.0.0
96 silly idealTree ├── date-now@0.1.4
96 silly idealTree ├── debug@2.2.0
96 silly idealTree ├── decamelize@1.2.0
96 silly idealTree ├── defined@1.0.0
96 silly idealTree ├── delayed-stream@1.0.0
96 silly idealTree ├── delegates@1.0.0
96 silly idealTree ├── detect-indent@4.0.0
96 silly idealTree ├── dom-helpers@2.4.0
96 silly idealTree ├── dom-walk@0.1.1
96 silly idealTree ├── domain-browser@1.1.7
96 silly idealTree ├── ecc-jsbn@0.1.1
96 silly idealTree ├── emojis-list@2.1.0
96 silly idealTree ├── encoding@0.1.12
96 silly idealTree ├─┬ enhanced-resolve@0.9.1
96 silly idealTree │ └── memory-fs@0.2.0
96 silly idealTree ├── errno@0.1.4
96 silly idealTree ├── error-ex@1.3.0
96 silly idealTree ├── error-stack-parser@1.3.6
96 silly idealTree ├── es5-ext@0.10.12
96 silly idealTree ├── es6-iterator@2.0.0
96 silly idealTree ├── es6-promise@3.3.1
96 silly idealTree ├── es6-symbol@3.1.0
96 silly idealTree ├── escape-string-regexp@1.0.5
96 silly idealTree ├── esprima@2.7.3
96 silly idealTree ├── esutils@2.0.2
96 silly idealTree ├── events@1.1.1
96 silly idealTree ├── exec-sh@0.2.0
96 silly idealTree ├── expand-brackets@0.1.5
96 silly idealTree ├── expand-range@1.8.2
96 silly idealTree ├── expose-loader@0.7.1
96 silly idealTree ├── express-graphql@0.5.4
96 silly idealTree ├── extend@3.0.0
96 silly idealTree ├── extglob@0.3.2
96 silly idealTree ├── extract-text-webpack-plugin@0.9.1
96 silly idealTree ├── extsprintf@1.0.2
96 silly idealTree ├── fastparse@1.1.1
96 silly idealTree ├─┬ fbjs@0.8.5
96 silly idealTree │ └── core-js@1.2.7
96 silly idealTree ├── file-loader@0.8.5
96 silly idealTree ├── filename-regex@2.0.0
96 silly idealTree ├── fill-range@2.2.3
96 silly idealTree ├── find-cache-dir@0.1.1
96 silly idealTree ├── find-up@1.1.2
96 silly idealTree ├─┬ findup@0.1.5
96 silly idealTree │ ├── colors@0.6.2
96 silly idealTree │ └── commander@2.1.0
96 silly idealTree ├── flatten@1.0.2
96 silly idealTree ├── flux-standard-action@0.6.1
96 silly idealTree ├── follow-redirects@0.0.7
96 silly idealTree ├── for-in@0.1.6
96 silly idealTree ├── for-own@0.1.4
96 silly idealTree ├── forever-agent@0.6.1
96 silly idealTree ├── form-data@2.1.1
96 silly idealTree ├── fs.realpath@1.0.0
96 silly idealTree ├─┬ fsevents@1.0.14
96 silly idealTree │ ├── abbrev@1.0.9
96 silly idealTree │ ├── ansi-regex@2.0.0
96 silly idealTree │ ├── ansi-styles@2.2.1
96 silly idealTree │ ├── aproba@1.0.4
96 silly idealTree │ ├── are-we-there-yet@1.1.2
96 silly idealTree │ ├── asn1@0.2.3
96 silly idealTree │ ├── assert-plus@0.2.0
96 silly idealTree │ ├── async@1.5.2
96 silly idealTree │ ├── aws-sign2@0.6.0
96 silly idealTree │ ├── aws4@1.4.1
96 silly idealTree │ ├── balanced-match@0.4.2
96 silly idealTree │ ├─┬ bl@1.1.2
96 silly idealTree │ │ └── readable-stream@2.0.6
96 silly idealTree │ ├── block-stream@0.0.9
96 silly idealTree │ ├── boom@2.10.1
96 silly idealTree │ ├── brace-expansion@1.1.5
96 silly idealTree │ ├── buffer-shims@1.0.0
96 silly idealTree │ ├── caseless@0.11.0
96 silly idealTree │ ├── chalk@1.1.3
96 silly idealTree │ ├── code-point-at@1.0.0
96 silly idealTree │ ├── combined-stream@1.0.5
96 silly idealTree │ ├── commander@2.9.0
96 silly idealTree │ ├── concat-map@0.0.1
96 silly idealTree │ ├── console-control-strings@1.1.0
96 silly idealTree │ ├── core-util-is@1.0.2
96 silly idealTree │ ├── cryptiles@2.0.5
96 silly idealTree │ ├─┬ dashdash@1.14.0
96 silly idealTree │ │ └── assert-plus@1.0.0
96 silly idealTree │ ├── debug@2.2.0
96 silly idealTree │ ├── deep-extend@0.4.1
96 silly idealTree │ ├── delayed-stream@1.0.0
96 silly idealTree │ ├── delegates@1.0.0
96 silly idealTree │ ├── ecc-jsbn@0.1.1
96 silly idealTree │ ├── escape-string-regexp@1.0.5
96 silly idealTree │ ├── extend@3.0.0
96 silly idealTree │ ├── extsprintf@1.0.2
96 silly idealTree │ ├── forever-agent@0.6.1
96 silly idealTree │ ├── form-data@1.0.0-rc4
96 silly idealTree │ ├── fs.realpath@1.0.0
96 silly idealTree │ ├── fstream-ignore@1.0.5
96 silly idealTree │ ├── fstream@1.0.10
96 silly idealTree │ ├── gauge@2.6.0
96 silly idealTree │ ├── generate-function@2.0.0
96 silly idealTree │ ├── generate-object-property@1.2.0
96 silly idealTree │ ├─┬ getpass@0.1.6
96 silly idealTree │ │ └── assert-plus@1.0.0
96 silly idealTree │ ├── glob@7.0.5
96 silly idealTree │ ├── graceful-fs@4.1.4
96 silly idealTree │ ├── graceful-readlink@1.0.1
96 silly idealTree │ ├── har-validator@2.0.6
96 silly idealTree │ ├── has-ansi@2.0.0
96 silly idealTree │ ├── has-color@0.1.7
96 silly idealTree │ ├── has-unicode@2.0.1
96 silly idealTree │ ├── hawk@3.1.3
96 silly idealTree │ ├── hoek@2.16.3
96 silly idealTree │ ├── http-signature@1.1.1
96 silly idealTree │ ├── inflight@1.0.5
96 silly idealTree │ ├── inherits@2.0.1
96 silly idealTree │ ├── ini@1.3.4
96 silly idealTree │ ├── is-fullwidth-code-point@1.0.0
96 silly idealTree │ ├── is-my-json-valid@2.13.1
96 silly idealTree │ ├── is-property@1.0.2
96 silly idealTree │ ├── is-typedarray@1.0.0
96 silly idealTree │ ├── isarray@1.0.0
96 silly idealTree │ ├── isstream@0.1.2
96 silly idealTree │ ├── jodid25519@1.0.2
96 silly idealTree │ ├── jsbn@0.1.0
96 silly idealTree │ ├── json-schema@0.2.2
96 silly idealTree │ ├── json-stringify-safe@5.0.1
96 silly idealTree │ ├── jsonpointer@2.0.0
96 silly idealTree │ ├── jsprim@1.3.0
96 silly idealTree │ ├── mime-db@1.23.0
96 silly idealTree │ ├── mime-types@2.1.11
96 silly idealTree │ ├── minimatch@3.0.2
96 silly idealTree │ ├── minimist@0.0.8
96 silly idealTree │ ├── mkdirp@0.5.1
96 silly idealTree │ ├── ms@0.7.1
96 silly idealTree │ ├── node-pre-gyp@0.6.29
96 silly idealTree │ ├── node-uuid@1.4.7
96 silly idealTree │ ├── nopt@3.0.6
96 silly idealTree │ ├── npmlog@3.1.2
96 silly idealTree │ ├── number-is-nan@1.0.0
96 silly idealTree │ ├── oauth-sign@0.8.2
96 silly idealTree │ ├── object-assign@4.1.0
96 silly idealTree │ ├── once@1.3.3
96 silly idealTree │ ├── path-is-absolute@1.0.0
96 silly idealTree │ ├── pinkie-promise@2.0.1
96 silly idealTree │ ├── pinkie@2.0.4
96 silly idealTree │ ├── process-nextick-args@1.0.7
96 silly idealTree │ ├── qs@6.2.0
96 silly idealTree │ ├─┬ rc@1.1.6
96 silly idealTree │ │ └── minimist@1.2.0
96 silly idealTree │ ├── readable-stream@2.1.4
96 silly idealTree │ ├── request@2.73.0
96 silly idealTree │ ├── rimraf@2.5.3
96 silly idealTree │ ├── semver@5.2.0
96 silly idealTree │ ├── set-blocking@2.0.0
96 silly idealTree │ ├── signal-exit@3.0.0
96 silly idealTree │ ├── sntp@1.0.9
96 silly idealTree │ ├─┬ sshpk@1.8.3
96 silly idealTree │ │ └── assert-plus@1.0.0
96 silly idealTree │ ├── string_decoder@0.10.31
96 silly idealTree │ ├── string-width@1.0.1
96 silly idealTree │ ├── stringstream@0.0.5
96 silly idealTree │ ├── strip-ansi@3.0.1
96 silly idealTree │ ├── strip-json-comments@1.0.4
96 silly idealTree │ ├── supports-color@2.0.0
96 silly idealTree │ ├── tar-pack@3.1.4
96 silly idealTree │ ├── tar@2.2.1
96 silly idealTree │ ├── tough-cookie@2.2.2
96 silly idealTree │ ├── tunnel-agent@0.4.3
96 silly idealTree │ ├── tweetnacl@0.13.3
96 silly idealTree │ ├── uid-number@0.0.6
96 silly idealTree │ ├── util-deprecate@1.0.2
96 silly idealTree │ ├── verror@1.3.6
96 silly idealTree │ ├── wide-align@1.1.0
96 silly idealTree │ ├── wrappy@1.0.2
96 silly idealTree │ └── xtend@4.0.1
96 silly idealTree ├── fstream@1.0.10
96 silly idealTree ├── function-bind@1.1.0
96 silly idealTree ├── gauge@2.6.0
96 silly idealTree ├── gaze@1.1.2
96 silly idealTree ├── generate-function@2.0.0
96 silly idealTree ├── generate-object-property@1.2.0
96 silly idealTree ├── get-caller-file@1.0.2
96 silly idealTree ├── get-stdin@4.0.1
96 silly idealTree ├─┬ getpass@0.1.6
96 silly idealTree │ └── assert-plus@1.0.0
96 silly idealTree ├── glob-base@0.3.0
96 silly idealTree ├── glob-parent@2.0.0
96 silly idealTree ├── glob@7.1.1
96 silly idealTree ├── global@4.3.1
96 silly idealTree ├── globals@9.12.0
96 silly idealTree ├── globule@1.1.0
96 silly idealTree ├── graceful-fs@4.1.9
96 silly idealTree ├── graceful-readlink@1.0.1
96 silly idealTree ├── graphql-relay@0.4.3
96 silly idealTree ├── graphql@0.6.2
96 silly idealTree ├── har-validator@2.0.6
96 silly idealTree ├── has-ansi@2.0.0
96 silly idealTree ├── has-color@0.1.7
96 silly idealTree ├── has-flag@1.0.0
96 silly idealTree ├── has-unicode@2.0.1
96 silly idealTree ├── has@1.0.1
96 silly idealTree ├── hawk@3.1.3
96 silly idealTree ├── history@3.2.1
96 silly idealTree ├── hoek@2.16.3
96 silly idealTree ├── hoist-non-react-statics@1.2.0
96 silly idealTree ├── home-or-tmp@2.0.0
96 silly idealTree ├── hosted-git-info@2.1.5
96 silly idealTree ├── html-comment-regex@1.1.1
96 silly idealTree ├── html-entities@1.2.0
96 silly idealTree ├── http-browserify@1.7.0
96 silly idealTree ├── http-errors@1.5.0
96 silly idealTree ├── http-signature@1.1.1
96 silly idealTree ├── https-browserify@0.0.0
96 silly idealTree ├── iconv-lite@0.4.13
96 silly idealTree ├── icss-replace-symbols@1.0.2
96 silly idealTree ├── ieee754@1.1.8
96 silly idealTree ├── immutable@3.8.1
96 silly idealTree ├── in-publish@2.0.0
96 silly idealTree ├── indent-string@2.1.0
96 silly idealTree ├── indexes-of@1.0.1
96 silly idealTree ├── indexof@0.0.1
96 silly idealTree ├── inflight@1.0.6
96 silly idealTree ├── inherits@2.0.1
96 silly idealTree ├── interpret@0.6.6
96 silly idealTree ├── invariant@2.2.1
96 silly idealTree ├── invert-kv@1.0.0
96 silly idealTree ├── is-absolute-url@2.0.0
96 silly idealTree ├── is-arrayish@0.2.1
96 silly idealTree ├── is-binary-path@1.0.1
96 silly idealTree ├── is-buffer@1.1.4
96 silly idealTree ├── is-builtin-module@1.0.0
96 silly idealTree ├── is-dotfile@1.0.2
96 silly idealTree ├── is-equal-shallow@0.1.3
96 silly idealTree ├── is-extendable@0.1.1
96 silly idealTree ├── is-extglob@1.0.0
96 silly idealTree ├── is-finite@1.0.2
96 silly idealTree ├── is-fullwidth-code-point@1.0.0
96 silly idealTree ├── is-glob@2.0.1
96 silly idealTree ├── is-my-json-valid@2.15.0
96 silly idealTree ├── is-number@2.1.0
96 silly idealTree ├── is-plain-obj@1.1.0
96 silly idealTree ├── is-posix-bracket@0.1.1
96 silly idealTree ├── is-primitive@2.0.0
96 silly idealTree ├── is-property@1.0.2
96 silly idealTree ├── is-stream@1.1.0
96 silly idealTree ├── is-svg@2.0.1
96 silly idealTree ├── is-typedarray@1.0.0
96 silly idealTree ├── is-utf8@0.2.1
96 silly idealTree ├── isarray@1.0.0
96 silly idealTree ├── isexe@1.1.2
96 silly idealTree ├── isobject@2.1.0
96 silly idealTree ├── isomorphic-fetch@2.2.1
96 silly idealTree ├── isomorphic-relay@0.7.3
96 silly idealTree ├── isstream@0.1.2
96 silly idealTree ├── iterall@1.0.2
96 silly idealTree ├── jodid25519@1.0.2
96 silly idealTree ├── js-base64@2.1.9
96 silly idealTree ├── js-tokens@1.0.3
96 silly idealTree ├── js-yaml@3.6.1
96 silly idealTree ├── jsbn@0.1.0
96 silly idealTree ├── jsesc@1.3.0
96 silly idealTree ├── json-loader@0.5.4
96 silly idealTree ├── json-schema@0.2.3
96 silly idealTree ├── json-stringify-safe@5.0.1
96 silly idealTree ├── json5@0.5.0
96 silly idealTree ├── jsonpointer@4.0.0
96 silly idealTree ├── jsprim@1.3.1
96 silly idealTree ├── keycode@2.1.7
96 silly idealTree ├── kind-of@3.0.4
96 silly idealTree ├── lazy-cache@1.0.4
96 silly idealTree ├── lcid@1.0.0
96 silly idealTree ├── load-json-file@1.1.0
96 silly idealTree ├── loader-utils@0.2.16
96 silly idealTree ├── lodash-compat@3.10.2
96 silly idealTree ├── lodash-es@4.16.4
96 silly idealTree ├── lodash._basefor@3.0.3
96 silly idealTree ├── lodash._createcompounder@3.0.0
96 silly idealTree ├── lodash._root@3.0.1
96 silly idealTree ├── lodash.assign@4.2.0
96 silly idealTree ├── lodash.camelcase@3.0.1
96 silly idealTree ├── lodash.clonedeep@4.5.0
96 silly idealTree ├── lodash.deburr@3.2.0
96 silly idealTree ├── lodash.indexof@4.0.5
96 silly idealTree ├── lodash.isarguments@3.1.0
96 silly idealTree ├── lodash.isarray@3.0.4
96 silly idealTree ├── lodash.isplainobject@3.2.0
96 silly idealTree ├── lodash.keysin@3.0.8
96 silly idealTree ├── lodash.words@3.2.0
96 silly idealTree ├── lodash@4.16.4
96 silly idealTree ├── longest@1.0.1
96 silly idealTree ├── loose-envify@1.2.0
96 silly idealTree ├── loud-rejection@1.6.0
96 silly idealTree ├── lru-cache@4.0.1
96 silly idealTree ├── macaddress@0.2.8
96 silly idealTree ├── map-obj@1.0.1
96 silly idealTree ├── math-expression-evaluator@1.2.14
96 silly idealTree ├── memory-fs@0.3.0
96 silly idealTree ├── meow@3.7.0
96 silly idealTree ├── merge@1.2.0
96 silly idealTree ├─┬ meteor-node-stubs@0.2.3
96 silly idealTree │ ├── assert@1.3.0
96 silly idealTree │ ├─┬ browserify-zlib@0.1.4
96 silly idealTree │ │ └── pako@0.2.8
96 silly idealTree │ ├─┬ buffer@4.5.1
96 silly idealTree │ │ ├── base64-js@1.1.2
96 silly idealTree │ │ ├── ieee754@1.1.6
96 silly idealTree │ │ └── isarray@1.0.0
96 silly idealTree │ ├─┬ console-browserify@1.1.0
96 silly idealTree │ │ └── date-now@0.1.4
96 silly idealTree │ ├── constants-browserify@1.0.0
96 silly idealTree │ ├─┬ crypto-browserify@3.11.0
96 silly idealTree │ │ ├─┬ browserify-cipher@1.0.0
96 silly idealTree │ │ │ ├─┬ browserify-aes@1.0.6
96 silly idealTree │ │ │ │ ├── buffer-xor@1.0.3
96 silly idealTree │ │ │ │ └── cipher-base@1.0.2
96 silly idealTree │ │ │ ├─┬ browserify-des@1.0.0
96 silly idealTree │ │ │ │ ├── cipher-base@1.0.2
96 silly idealTree │ │ │ │ └─┬ des.js@1.0.0
96 silly idealTree │ │ │ │   └── minimalistic-assert@1.0.0
96 silly idealTree │ │ │ └── evp_bytestokey@1.0.0
96 silly idealTree │ │ ├─┬ browserify-sign@4.0.0
96 silly idealTree │ │ │ ├── bn.js@4.11.1
96 silly idealTree │ │ │ ├── browserify-rsa@4.0.1
96 silly idealTree │ │ │ ├─┬ elliptic@6.2.3
96 silly idealTree │ │ │ │ ├── brorand@1.0.5
96 silly idealTree │ │ │ │ └── hash.js@1.0.3
96 silly idealTree │ │ │ └─┬ parse-asn1@5.0.0
96 silly idealTree │ │ │   ├─┬ asn1.js@4.5.2
96 silly idealTree │ │ │   │ └── minimalistic-assert@1.0.0
96 silly idealTree │ │ │   ├─┬ browserify-aes@1.0.6
96 silly idealTree │ │ │   │ ├── buffer-xor@1.0.3
96 silly idealTree │ │ │   │ └── cipher-base@1.0.2
96 silly idealTree │ │ │   └── evp_bytestokey@1.0.0
96 silly idealTree │ │ ├─┬ create-ecdh@4.0.0
96 silly idealTree │ │ │ ├── bn.js@4.11.1
96 silly idealTree │ │ │ └─┬ elliptic@6.2.3
96 silly idealTree │ │ │   ├── brorand@1.0.5
96 silly idealTree │ │ │   └── hash.js@1.0.3
96 silly idealTree │ │ ├─┬ create-hash@1.1.2
96 silly idealTree │ │ │ ├── cipher-base@1.0.2
96 silly idealTree │ │ │ ├── ripemd160@1.0.1
96 silly idealTree │ │ │ └── sha.js@2.4.5
96 silly idealTree │ │ ├── create-hmac@1.1.4
96 silly idealTree │ │ ├─┬ diffie-hellman@5.0.2
96 silly idealTree │ │ │ ├── bn.js@4.11.1
96 silly idealTree │ │ │ └─┬ miller-rabin@4.0.0
96 silly idealTree │ │ │   └── brorand@1.0.5
96 silly idealTree │ │ ├── inherits@2.0.1
96 silly idealTree │ │ ├── pbkdf2@3.0.4
96 silly idealTree │ │ ├─┬ public-encrypt@4.0.0
96 silly idealTree │ │ │ ├── bn.js@4.11.1
96 silly idealTree │ │ │ ├── browserify-rsa@4.0.1
96 silly idealTree │ │ │ └─┬ parse-asn1@5.0.0
96 silly idealTree │ │ │   ├─┬ asn1.js@4.5.2
96 silly idealTree │ │ │   │ └── minimalistic-assert@1.0.0
96 silly idealTree │ │ │   ├─┬ browserify-aes@1.0.6
96 silly idealTree │ │ │   │ ├── buffer-xor@1.0.3
96 silly idealTree │ │ │   │ └── cipher-base@1.0.2
96 silly idealTree │ │ │   └── evp_bytestokey@1.0.0
96 silly idealTree │ │ └── randombytes@2.0.3
96 silly idealTree │ ├── domain-browser@1.1.7
96 silly idealTree │ ├── events@1.1.0
96 silly idealTree │ ├─┬ http-browserify@1.7.0
96 silly idealTree │ │ ├── Base64@0.2.1
96 silly idealTree │ │ └── inherits@2.0.1
96 silly idealTree │ ├── https-browserify@0.0.1
96 silly idealTree │ ├── os-browserify@0.2.1
96 silly idealTree │ ├── path-browserify@0.0.0
96 silly idealTree │ ├── process@0.11.2
96 silly idealTree │ ├── punycode@1.4.1
96 silly idealTree │ ├── querystring-es3@0.2.1
96 silly idealTree │ ├─┬ readable-stream@2.0.6
96 silly idealTree │ │ ├── core-util-is@1.0.2
96 silly idealTree │ │ ├── inherits@2.0.1
96 silly idealTree │ │ ├── isarray@1.0.0
96 silly idealTree │ │ ├── process-nextick-args@1.0.6
96 silly idealTree │ │ └── util-deprecate@1.0.2
96 silly idealTree │ ├─┬ stream-browserify@2.0.1
96 silly idealTree │ │ └── inherits@2.0.1
96 silly idealTree │ ├── string_decoder@0.10.31
96 silly idealTree │ ├── timers-browserify@1.4.2
96 silly idealTree │ ├── tty-browserify@0.0.0
96 silly idealTree │ ├─┬ url@0.11.0
96 silly idealTree │ │ ├── punycode@1.3.2
96 silly idealTree │ │ └── querystring@0.2.0
96 silly idealTree │ ├─┬ util@0.10.3
96 silly idealTree │ │ └── inherits@2.0.1
96 silly idealTree │ └─┬ vm-browserify@0.0.4
96 silly idealTree │   └── indexof@0.0.1
96 silly idealTree ├── micromatch@2.3.11
96 silly idealTree ├── mime-db@1.24.0
96 silly idealTree ├── mime-types@2.1.12
96 silly idealTree ├── mime@1.2.11
96 silly idealTree ├── min-document@2.19.0
96 silly idealTree ├── minimatch@3.0.3
96 silly idealTree ├── minimist@1.2.0
96 silly idealTree ├─┬ mkdirp@0.5.1
96 silly idealTree │ └── minimist@0.0.8
96 silly idealTree ├── ms@0.7.1
96 silly idealTree ├── nan@2.4.0
96 silly idealTree ├── negotiator@0.6.1
96 silly idealTree ├── node-fetch@1.6.3
96 silly idealTree ├─┬ node-gyp@3.4.0
96 silly idealTree │ └── npmlog@3.1.2
96 silly idealTree ├─┬ node-libs-browser@0.6.0
96 silly idealTree │ ├── isarray@0.0.1
96 silly idealTree │ ├── process@0.11.9
96 silly idealTree │ └── readable-stream@1.1.14
96 silly idealTree ├── node-sass@3.10.1
96 silly idealTree ├── node-uuid@1.4.7
96 silly idealTree ├── nopt@3.0.6
96 silly idealTree ├── normalize-package-data@2.3.5
96 silly idealTree ├── normalize-path@2.0.1
96 silly idealTree ├── normalize-range@0.1.2
96 silly idealTree ├── normalize-url@1.7.0
96 silly idealTree ├── npmlog@4.0.0
96 silly idealTree ├── num2fraction@1.2.2
96 silly idealTree ├── number-is-nan@1.0.1
96 silly idealTree ├── oauth-sign@0.8.2
96 silly idealTree ├── object-assign@4.1.0
96 silly idealTree ├── object.omit@2.0.0
96 silly idealTree ├── once@1.4.0
96 silly idealTree ├─┬ optimist@0.6.1
96 silly idealTree │ └── minimist@0.0.10
96 silly idealTree ├── os-browserify@0.1.2
96 silly idealTree ├── os-homedir@1.0.2
96 silly idealTree ├── os-locale@1.4.0
96 silly idealTree ├── os-tmpdir@1.0.2
96 silly idealTree ├── osenv@0.1.3
96 silly idealTree ├── pako@0.2.9
96 silly idealTree ├── parse-glob@3.0.4
96 silly idealTree ├── parse-json@2.2.0
96 silly idealTree ├── path-array@1.0.1
96 silly idealTree ├── path-browserify@0.0.0
96 silly idealTree ├── path-exists@2.1.0
96 silly idealTree ├── path-is-absolute@1.0.1
96 silly idealTree ├── path-type@1.1.0
96 silly idealTree ├── pbkdf2-compat@2.0.1
96 silly idealTree ├── performance-now@0.2.0
96 silly idealTree ├── pify@2.3.0
96 silly idealTree ├── pinkie-promise@2.0.1
96 silly idealTree ├── pinkie@2.0.4
96 silly idealTree ├── pkg-dir@1.0.0
96 silly idealTree ├── postcss-calc@5.3.1
96 silly idealTree ├── postcss-colormin@2.2.1
96 silly idealTree ├── postcss-convert-values@2.4.1
96 silly idealTree ├── postcss-discard-comments@2.0.4
96 silly idealTree ├── postcss-discard-duplicates@2.0.1
96 silly idealTree ├── postcss-discard-empty@2.1.0
96 silly idealTree ├── postcss-discard-overridden@0.1.1
96 silly idealTree ├── postcss-discard-unused@2.2.2
96 silly idealTree ├── postcss-filter-plugins@2.0.2
96 silly idealTree ├── postcss-loader@0.9.1
96 silly idealTree ├── postcss-merge-idents@2.1.7
96 silly idealTree ├── postcss-merge-longhand@2.0.1
96 silly idealTree ├── postcss-merge-rules@2.0.10
96 silly idealTree ├── postcss-message-helpers@2.0.0
96 silly idealTree ├── postcss-minify-font-values@1.0.5
96 silly idealTree ├── postcss-minify-gradients@1.0.4
96 silly idealTree ├── postcss-minify-params@1.0.5
96 silly idealTree ├── postcss-minify-selectors@2.0.5
96 silly idealTree ├── postcss-modules-extract-imports@1.0.1
96 silly idealTree ├─┬ postcss-modules-local-by-default@1.1.1
96 silly idealTree │ ├── css-selector-tokenizer@0.6.0
96 silly idealTree │ └── regexpu-core@1.0.0
96 silly idealTree ├─┬ postcss-modules-scope@1.0.2
96 silly idealTree │ ├── css-selector-tokenizer@0.6.0
96 silly idealTree │ └── regexpu-core@1.0.0
96 silly idealTree ├── postcss-modules-values@1.2.2
96 silly idealTree ├── postcss-normalize-charset@1.1.0
96 silly idealTree ├── postcss-normalize-url@3.0.7
96 silly idealTree ├── postcss-ordered-values@2.2.2
96 silly idealTree ├── postcss-reduce-idents@2.3.1
96 silly idealTree ├── postcss-reduce-initial@1.0.0
96 silly idealTree ├── postcss-reduce-transforms@1.0.3
96 silly idealTree ├── postcss-selector-parser@2.2.1
96 silly idealTree ├── postcss-svgo@2.1.5
96 silly idealTree ├── postcss-unique-selectors@2.0.2
96 silly idealTree ├── postcss-value-parser@3.3.0
96 silly idealTree ├── postcss-zindex@2.1.1
96 silly idealTree ├─┬ postcss@5.2.5
96 silly idealTree │ ├── source-map@0.5.6
96 silly idealTree │ └── supports-color@3.1.2
96 silly idealTree ├── prepend-http@1.0.4
96 silly idealTree ├── preserve@0.2.0
96 silly idealTree ├── private@0.1.6
96 silly idealTree ├── process-nextick-args@1.0.7
96 silly idealTree ├── process@0.5.2
96 silly idealTree ├── promise@7.1.1
96 silly idealTree ├── prr@0.0.0
96 silly idealTree ├── pseudomap@1.0.2
96 silly idealTree ├── pubsub-js@1.5.4
96 silly idealTree ├── punycode@1.4.1
96 silly idealTree ├── q@1.4.1
96 silly idealTree ├── qs@6.3.0
96 silly idealTree ├── query-string@4.2.3
96 silly idealTree ├── querystring-es3@0.2.1
96 silly idealTree ├── querystring@0.2.0
96 silly idealTree ├── raf@3.3.0
96 silly idealTree ├── randomatic@1.1.5
96 silly idealTree ├── raw-body@2.1.7
96 silly idealTree ├── react-addons-pure-render-mixin@15.3.2
96 silly idealTree ├─┬ react-bootstrap@0.30.5
96 silly idealTree │ └── invariant@2.2.1
96 silly idealTree ├── react-deep-force-update@2.0.1
96 silly idealTree ├── react-dom@15.3.2
96 silly idealTree ├── react-hot-loader@3.0.0-beta.6
96 silly idealTree ├── react-motion@0.4.5
96 silly idealTree ├── react-overlays@0.6.10
96 silly idealTree ├── react-prop-types@0.4.0
96 silly idealTree ├── react-proxy@3.0.0-alpha.1
96 silly idealTree ├─┬ react-redux@4.4.5
96 silly idealTree │ ├── hoist-non-react-statics@1.2.0
96 silly idealTree │ └── invariant@2.2.1
96 silly idealTree ├── react-relay@0.9.3
96 silly idealTree ├── react-router-redux@4.0.6
96 silly idealTree ├── react-router@3.0.0
96 silly idealTree ├── react-static-container@1.0.1
96 silly idealTree ├── react-transform-catch-errors@1.0.2
96 silly idealTree ├─┬ react-transform-hmr@1.0.4
96 silly idealTree │ ├── react-deep-force-update@1.0.1
96 silly idealTree │ └── react-proxy@1.1.8
96 silly idealTree ├── react@15.3.2
96 silly idealTree ├── read-pkg-up@1.0.1
96 silly idealTree ├── read-pkg@1.1.0
96 silly idealTree ├── readable-stream@2.1.5
96 silly idealTree ├── readdirp@2.1.0
96 silly idealTree ├── redbox-react@1.3.2
96 silly idealTree ├── redent@1.0.0
96 silly idealTree ├── reduce-css-calc@1.3.0
96 silly idealTree ├─┬ reduce-function-call@1.0.1
96 silly idealTree │ └── balanced-match@0.1.0
96 silly idealTree ├── reduce-reducers@0.1.2
96 silly idealTree ├── redux-actions@0.9.1
96 silly idealTree ├── redux-thunk@2.1.0
96 silly idealTree ├── redux@3.6.0
96 silly idealTree ├── regenerate@1.3.1
96 silly idealTree ├── regenerator-runtime@0.9.5
96 silly idealTree ├── regex-cache@0.4.3
96 silly idealTree ├── regexpu-core@2.0.0
96 silly idealTree ├── regjsgen@0.2.0
96 silly idealTree ├─┬ regjsparser@0.1.5
96 silly idealTree │ └── jsesc@0.5.0
96 silly idealTree ├── repeat-element@1.1.2
96 silly idealTree ├── repeat-string@1.6.1
96 silly idealTree ├── repeating@2.0.1
96 silly idealTree ├── request-frame@1.5.3
96 silly idealTree ├── request@2.76.0
96 silly idealTree ├── require-directory@2.1.1
96 silly idealTree ├── require-main-filename@1.0.1
96 silly idealTree ├── right-align@0.1.3
96 silly idealTree ├── rimraf@2.5.4
96 silly idealTree ├── ripemd160@0.2.0
96 silly idealTree ├── rtlcss@2.0.6
96 silly idealTree ├── sass-graph@2.1.2
96 silly idealTree ├─┬ sass-loader@4.0.2
96 silly idealTree │ └── async@2.1.2
96 silly idealTree ├── sax@1.2.1
96 silly idealTree ├── semver@5.3.0
96 silly idealTree ├── set-blocking@2.0.0
96 silly idealTree ├── set-immediate-shim@1.0.1
96 silly idealTree ├── setprototypeof@1.0.1
96 silly idealTree ├── sha.js@2.2.6
96 silly idealTree ├── signal-exit@3.0.1
96 silly idealTree ├── slash@1.0.0
96 silly idealTree ├── sntp@1.0.9
96 silly idealTree ├── sort-keys@1.1.2
96 silly idealTree ├── source-list-map@0.1.6
96 silly idealTree ├─┬ source-map-support@0.4.5
96 silly idealTree │ └── source-map@0.5.6
96 silly idealTree ├── source-map@0.4.4
96 silly idealTree ├── spdx-correct@1.0.2
96 silly idealTree ├── spdx-expression-parse@1.0.4
96 silly idealTree ├── spdx-license-ids@1.2.2
96 silly idealTree ├── sprintf-js@1.0.3
96 silly idealTree ├─┬ sshpk@1.10.1
96 silly idealTree │ └── assert-plus@1.0.0
96 silly idealTree ├── stackframe@0.3.1
96 silly idealTree ├── statuses@1.3.0
96 silly idealTree ├─┬ stream-browserify@1.0.0
96 silly idealTree │ ├── isarray@0.0.1
96 silly idealTree │ └── readable-stream@1.1.14
96 silly idealTree ├── stream-consume@0.1.0
96 silly idealTree ├── strict-uri-encode@1.1.0
96 silly idealTree ├── string_decoder@0.10.31
96 silly idealTree ├── string-width@1.0.2
96 silly idealTree ├── stringstream@0.0.5
96 silly idealTree ├── strip-ansi@3.0.1
96 silly idealTree ├── strip-bom@2.0.0
96 silly idealTree ├── strip-indent@1.0.1
96 silly idealTree ├── strip-json-comments@2.0.1
96 silly idealTree ├── style-loader@0.13.1
96 silly idealTree ├── supports-color@2.0.0
96 silly idealTree ├── svgo@0.7.1
96 silly idealTree ├── symbol-observable@1.0.4
96 silly idealTree ├── tapable@0.1.10
96 silly idealTree ├── tar@2.2.1
96 silly idealTree ├─┬ timers-browserify@1.4.2
96 silly idealTree │ └── process@0.11.9
96 silly idealTree ├── to-fast-properties@1.0.2
96 silly idealTree ├── tough-cookie@2.3.2
96 silly idealTree ├── trim-newlines@1.0.0
96 silly idealTree ├── tty-browserify@0.0.0
96 silly idealTree ├── tunnel-agent@0.4.3
96 silly idealTree ├── tweetnacl@0.14.3
96 silly idealTree ├── ua-parser-js@0.7.10
96 silly idealTree ├─┬ uglify-js@2.7.4
96 silly idealTree │ ├── async@0.2.10
96 silly idealTree │ ├── camelcase@1.2.1
96 silly idealTree │ ├── cliui@2.1.0
96 silly idealTree │ ├── source-map@0.5.6
96 silly idealTree │ ├── window-size@0.1.0
96 silly idealTree │ ├── wordwrap@0.0.2
96 silly idealTree │ └── yargs@3.10.0
96 silly idealTree ├── uglify-to-browserify@1.0.2
96 silly idealTree ├─┬ uncontrollable@4.0.3
96 silly idealTree │ └── invariant@2.2.1
96 silly idealTree ├── uniq@1.0.1
96 silly idealTree ├── uniqid@4.1.0
96 silly idealTree ├── uniqs@2.0.0
96 silly idealTree ├── unpipe@1.0.0
96 silly idealTree ├── url-loader@0.5.7
96 silly idealTree ├─┬ url@0.10.3
96 silly idealTree │ └── punycode@1.3.2
96 silly idealTree ├── util-deprecate@1.0.2
96 silly idealTree ├── util@0.10.3
96 silly idealTree ├── validate-npm-package-license@3.0.1
96 silly idealTree ├── vendors@1.0.1
96 silly idealTree ├── verror@1.3.6
96 silly idealTree ├── vm-browserify@0.0.4
96 silly idealTree ├── warning@3.0.0
96 silly idealTree ├── watch@0.19.3
96 silly idealTree ├─┬ watchpack@0.2.9
96 silly idealTree │ └── async@0.9.2
96 silly idealTree ├── webpack-core@0.6.8
96 silly idealTree ├── webpack-hot-middleware@2.13.0
96 silly idealTree ├─┬ webpack@1.13.3
96 silly idealTree │ └── supports-color@3.1.2
96 silly idealTree ├── whatwg-fetch@1.0.0
96 silly idealTree ├── whet.extend@0.9.9
96 silly idealTree ├── which-module@1.0.0
96 silly idealTree ├── which@1.2.11
96 silly idealTree ├── wide-align@1.1.0
96 silly idealTree ├── window-size@0.2.0
96 silly idealTree ├── wordwrap@0.0.3
96 silly idealTree ├── wrap-ansi@2.0.0
96 silly idealTree ├── wrappy@1.0.2
96 silly idealTree ├── xtend@4.0.1
96 silly idealTree ├── y18n@3.2.1
96 silly idealTree ├── yallist@2.0.0
96 silly idealTree ├─┬ yargs-parser@2.4.1
96 silly idealTree │ └── camelcase@3.0.0
96 silly idealTree └── yargs@4.8.1
97 silly generateActionsToTake Starting
98 silly install generateActionsToTake
99 silly generateActionsToTake Finishing
100 silly diffTrees action count 2
101 silly diffTrees add nan@2.3.5
102 silly diffTrees add bcrypt@0.8.7
103 silly decomposeActions action count 16
104 silly decomposeActions fetch nan@2.3.5
105 silly decomposeActions extract nan@2.3.5
106 silly decomposeActions test nan@2.3.5
107 silly decomposeActions preinstall nan@2.3.5
108 silly decomposeActions build nan@2.3.5
109 silly decomposeActions install nan@2.3.5
110 silly decomposeActions postinstall nan@2.3.5
111 silly decomposeActions finalize nan@2.3.5
112 silly decomposeActions fetch bcrypt@0.8.7
113 silly decomposeActions extract bcrypt@0.8.7
114 silly decomposeActions test bcrypt@0.8.7
115 silly decomposeActions preinstall bcrypt@0.8.7
116 silly decomposeActions build bcrypt@0.8.7
117 silly decomposeActions install bcrypt@0.8.7
118 silly decomposeActions postinstall bcrypt@0.8.7
119 silly decomposeActions finalize bcrypt@0.8.7
120 silly executeActions Starting
121 silly install executeActions
122 silly doSerial global-install 0
123 silly doParallel fetch 2
124 verbose correctMkdir /Users/tudor/.npm/_locks correctMkdir not in flight; initializing
125 verbose lock using /Users/tudor/.npm/_locks/staging-baf23c9584fbfe39.lock for /Volumes/Macintosh HDD/programare/rubix/meteor/meteor-example/node_modules/.staging
126 silly doParallel extract 2
127 silly extract nan@2.3.5
128 silly extract bcrypt@0.8.7
129 verbose unbuild node_modules/.staging/nan-ed5f0dbe
130 verbose unbuild node_modules/.staging/bcrypt-0f09e23f
131 silly gentlyRm /Volumes/Macintosh HDD/programare/rubix/meteor/meteor-example/node_modules/.staging/nan-ed5f0dbe is being purged from base /Volumes/Macintosh HDD/programare/rubix/meteor/meteor-example
132 verbose gentlyRm don't care about contents; nuking /Volumes/Macintosh HDD/programare/rubix/meteor/meteor-example/node_modules/.staging/nan-ed5f0dbe
133 silly gentlyRm /Volumes/Macintosh HDD/programare/rubix/meteor/meteor-example/node_modules/.staging/bcrypt-0f09e23f is being purged from base /Volumes/Macintosh HDD/programare/rubix/meteor/meteor-example
134 verbose gentlyRm don't care about contents; nuking /Volumes/Macintosh HDD/programare/rubix/meteor/meteor-example/node_modules/.staging/bcrypt-0f09e23f
135 verbose tar unpack /Users/tudor/.npm/nan/2.3.5/package.tgz
136 verbose tar unpacking to /Volumes/Macintosh HDD/programare/rubix/meteor/meteor-example/node_modules/.staging/nan-ed5f0dbe
137 silly gentlyRm /Volumes/Macintosh HDD/programare/rubix/meteor/meteor-example/node_modules/.staging/nan-ed5f0dbe is being purged
138 verbose gentlyRm don't care about contents; nuking /Volumes/Macintosh HDD/programare/rubix/meteor/meteor-example/node_modules/.staging/nan-ed5f0dbe
139 verbose tar unpack /Users/tudor/.npm/bcrypt/0.8.7/package.tgz
140 verbose tar unpacking to /Volumes/Macintosh HDD/programare/rubix/meteor/meteor-example/node_modules/.staging/bcrypt-0f09e23f
141 silly gentlyRm /Volumes/Macintosh HDD/programare/rubix/meteor/meteor-example/node_modules/.staging/bcrypt-0f09e23f is being purged
142 verbose gentlyRm don't care about contents; nuking /Volumes/Macintosh HDD/programare/rubix/meteor/meteor-example/node_modules/.staging/bcrypt-0f09e23f
143 silly gunzTarPerm modes [ '755', '644' ]
144 silly gunzTarPerm modes [ '755', '644' ]
145 silly gunzTarPerm extractEntry package.json
146 silly gunzTarPerm modified mode [ 'package.json', 436, 420 ]
147 silly gunzTarPerm extractEntry package.json
148 silly gunzTarPerm extractEntry README.md
149 silly gunzTarPerm modified mode [ 'README.md', 436, 420 ]
150 silly gunzTarPerm extractEntry .npmignore
151 silly gunzTarPerm extractEntry README.md
152 silly gunzTarPerm extractEntry include_dirs.js
153 silly gunzTarPerm modified mode [ 'include_dirs.js', 436, 420 ]
154 silly gunzTarPerm extractEntry nan_converters.h
155 silly gunzTarPerm modified mode [ 'nan_converters.h', 436, 420 ]
156 silly gunzTarPerm extractEntry LICENSE.md
157 silly gunzTarPerm modified mode [ 'LICENSE.md', 436, 420 ]
158 silly gunzTarPerm extractEntry doc/node_misc.md
159 silly gunzTarPerm modified mode [ 'doc/node_misc.md', 436, 420 ]
160 silly gunzTarPerm extractEntry LICENSE
161 silly gunzTarPerm extractEntry bcrypt.js
162 silly gunzTarPerm extractEntry Makefile
163 silly gunzTarPerm extractEntry .travis.yml
164 silly gunzTarPerm extractEntry CHANGELOG.md
165 silly gunzTarPerm extractEntry binding.gyp
166 silly gunzTarPerm extractEntry examples/async_compare.js
167 silly gunzTarPerm extractEntry examples/forever_gen_salt.js
168 silly gunzTarPerm extractEntry test/async.js
169 silly gunzTarPerm extractEntry test/repetitions.js
170 silly gunzTarPerm extractEntry test/sync.js
171 silly gunzTarPerm extractEntry ISSUE_TEMPLATE.md
172 silly gunzTarPerm extractEntry src/bcrypt.cc
173 silly gunzTarPerm extractEntry src/bcrypt_node.cc
174 silly gunzTarPerm extractEntry src/blowfish.cc
175 silly gunzTarPerm extractEntry src/node_blf.h
176 silly gunzTarPerm extractEntry werker.yml
177 silly gunzTarPerm extractEntry doc/asyncworker.md
178 silly gunzTarPerm modified mode [ 'doc/asyncworker.md', 436, 420 ]
179 silly gunzTarPerm extractEntry doc/callback.md
180 silly gunzTarPerm modified mode [ 'doc/callback.md', 436, 420 ]
181 silly gunzTarPerm extractEntry doc/converters.md
182 silly gunzTarPerm modified mode [ 'doc/converters.md', 436, 420 ]
183 silly gunzTarPerm extractEntry doc/errors.md
184 silly gunzTarPerm modified mode [ 'doc/errors.md', 436, 420 ]
185 silly gunzTarPerm extractEntry doc/maybe_types.md
186 silly gunzTarPerm modified mode [ 'doc/maybe_types.md', 436, 420 ]
187 silly gunzTarPerm extractEntry doc/methods.md
188 silly gunzTarPerm modified mode [ 'doc/methods.md', 436, 420 ]
189 silly gunzTarPerm extractEntry doc/new.md
190 silly gunzTarPerm modified mode [ 'doc/new.md', 436, 420 ]
191 silly gunzTarPerm extractEntry doc/buffers.md
192 silly gunzTarPerm modified mode [ 'doc/buffers.md', 436, 420 ]
193 silly gunzTarPerm extractEntry doc/object_wrappers.md
194 silly gunzTarPerm modified mode [ 'doc/object_wrappers.md', 436, 420 ]
195 silly gunzTarPerm extractEntry doc/persistent.md
196 silly gunzTarPerm modified mode [ 'doc/persistent.md', 436, 420 ]
197 silly gunzTarPerm extractEntry doc/scopes.md
198 silly gunzTarPerm modified mode [ 'doc/scopes.md', 436, 420 ]
199 silly gunzTarPerm extractEntry doc/script.md
200 silly gunzTarPerm modified mode [ 'doc/script.md', 436, 420 ]
201 silly gunzTarPerm extractEntry doc/string_bytes.md
202 silly gunzTarPerm modified mode [ 'doc/string_bytes.md', 436, 420 ]
203 silly gunzTarPerm extractEntry doc/v8_internals.md
204 silly gunzTarPerm modified mode [ 'doc/v8_internals.md', 436, 420 ]
205 silly gunzTarPerm extractEntry doc/v8_misc.md
206 silly gunzTarPerm modified mode [ 'doc/v8_misc.md', 436, 420 ]
207 silly gunzTarPerm extractEntry nan.h
208 silly gunzTarPerm modified mode [ 'nan.h', 436, 420 ]
209 silly gunzTarPerm extractEntry nan_callbacks.h
210 silly gunzTarPerm modified mode [ 'nan_callbacks.h', 436, 420 ]
211 silly gunzTarPerm extractEntry nan_callbacks_12_inl.h
212 silly gunzTarPerm modified mode [ 'nan_callbacks_12_inl.h', 436, 420 ]
213 silly gunzTarPerm extractEntry nan_callbacks_pre_12_inl.h
214 silly gunzTarPerm modified mode [ 'nan_callbacks_pre_12_inl.h', 436, 420 ]
215 silly gunzTarPerm extractEntry nan_converters_43_inl.h
216 silly gunzTarPerm modified mode [ 'nan_converters_43_inl.h', 436, 420 ]
217 silly gunzTarPerm extractEntry nan_converters_pre_43_inl.h
218 silly gunzTarPerm modified mode [ 'nan_converters_pre_43_inl.h', 436, 420 ]
219 silly gunzTarPerm extractEntry nan_implementation_12_inl.h
220 silly gunzTarPerm modified mode [ 'nan_implementation_12_inl.h', 436, 420 ]
221 silly gunzTarPerm extractEntry nan_implementation_pre_12_inl.h
222 silly gunzTarPerm modified mode [ 'nan_implementation_pre_12_inl.h', 436, 420 ]
223 silly gunzTarPerm extractEntry nan_maybe_43_inl.h
224 silly gunzTarPerm modified mode [ 'nan_maybe_43_inl.h', 436, 420 ]
225 silly gunzTarPerm extractEntry nan_maybe_pre_43_inl.h
226 silly gunzTarPerm modified mode [ 'nan_maybe_pre_43_inl.h', 436, 420 ]
227 silly gunzTarPerm extractEntry nan_new.h
228 silly gunzTarPerm modified mode [ 'nan_new.h', 436, 420 ]
229 silly gunzTarPerm extractEntry nan_object_wrap.h
230 silly gunzTarPerm modified mode [ 'nan_object_wrap.h', 436, 420 ]
231 silly gunzTarPerm extractEntry nan_persistent_12_inl.h
232 silly gunzTarPerm modified mode [ 'nan_persistent_12_inl.h', 436, 420 ]
233 silly gunzTarPerm extractEntry nan_persistent_pre_12_inl.h
234 silly gunzTarPerm modified mode [ 'nan_persistent_pre_12_inl.h', 436, 420 ]
235 silly gunzTarPerm extractEntry nan_string_bytes.h
236 silly gunzTarPerm modified mode [ 'nan_string_bytes.h', 436, 420 ]
237 silly gunzTarPerm extractEntry nan_typedarray_contents.h
238 silly gunzTarPerm modified mode [ 'nan_typedarray_contents.h', 436, 420 ]
239 silly gunzTarPerm extractEntry nan_weak.h
240 silly gunzTarPerm modified mode [ 'nan_weak.h', 436, 420 ]
241 silly gunzTarPerm extractEntry CHANGELOG.md
242 silly gunzTarPerm modified mode [ 'CHANGELOG.md', 436, 420 ]
243 silly gunzTarPerm extractEntry tools/package.json
244 silly gunzTarPerm modified mode [ 'tools/package.json', 436, 420 ]
245 silly gunzTarPerm extractEntry tools/README.md
246 silly gunzTarPerm modified mode [ 'tools/README.md', 436, 420 ]
247 silly gunzTarPerm extractEntry tools/1to2.js
248 silly gunzTarPerm modified mode [ 'tools/1to2.js', 509, 493 ]
249 silly gentlyRm /Volumes/Macintosh HDD/programare/rubix/meteor/meteor-example/node_modules/.staging/bcrypt-0f09e23f/node_modules is being purged
250 verbose gentlyRm don't care about contents; nuking /Volumes/Macintosh HDD/programare/rubix/meteor/meteor-example/node_modules/.staging/bcrypt-0f09e23f/node_modules
251 silly gentlyRm /Volumes/Macintosh HDD/programare/rubix/meteor/meteor-example/node_modules/.staging/nan-ed5f0dbe/node_modules is being purged
252 verbose gentlyRm don't care about contents; nuking /Volumes/Macintosh HDD/programare/rubix/meteor/meteor-example/node_modules/.staging/nan-ed5f0dbe/node_modules
253 silly doParallel preinstall 2
254 silly preinstall nan@2.3.5 /Volumes/Macintosh HDD/programare/rubix/meteor/meteor-example/node_modules/.staging/nan-ed5f0dbe
255 info lifecycle nan@2.3.5~preinstall: nan@2.3.5
256 silly preinstall bcrypt@0.8.7 /Volumes/Macintosh HDD/programare/rubix/meteor/meteor-example/node_modules/.staging/bcrypt-0f09e23f
257 info lifecycle bcrypt@0.8.7~preinstall: bcrypt@0.8.7
258 silly lifecycle nan@2.3.5~preinstall: no script for preinstall, continuing
259 silly lifecycle bcrypt@0.8.7~preinstall: no script for preinstall, continuing
260 silly doReverseSerial remove 0
261 silly doSerial move 0
262 silly doSerial finalize 2
263 silly finalize /Volumes/Macintosh HDD/programare/rubix/meteor/meteor-example/node_modules/bcrypt/node_modules/nan
264 silly finalize /Volumes/Macintosh HDD/programare/rubix/meteor/meteor-example/node_modules/bcrypt
265 verbose unlock done using /Users/tudor/.npm/_locks/staging-baf23c9584fbfe39.lock for /Volumes/Macintosh HDD/programare/rubix/meteor/meteor-example/node_modules/.staging
266 silly rollbackFailedOptional Starting
267 silly rollbackFailedOptional Finishing
268 silly runTopLevelLifecycles Starting
269 silly runTopLevelLifecycles Finishing
270 silly install printInstalled
271 verbose stack Error: ENOTEMPTY: directory not empty, rename '/Volumes/Macintosh HDD/programare/rubix/meteor/meteor-example/node_modules/bcrypt' -> '/Volumes/Macintosh HDD/programare/rubix/meteor/meteor-example/node_modules/.bcrypt.DELETE'
271 verbose stack     at moveAway (/Users/tudor/.meteor/packages/meteor-tool/.1.4.0.hl4wt2++os.osx.x86_64+web.browser+web.cordova/mt-os.osx.x86_64/dev_bundle/lib/node_modules/npm/lib/install/action/finalize.js:38:5)
271 verbose stack     at destStatted (/Users/tudor/.meteor/packages/meteor-tool/.1.4.0.hl4wt2++os.osx.x86_64+web.browser+web.cordova/mt-os.osx.x86_64/dev_bundle/lib/node_modules/npm/lib/install/action/finalize.js:27:7)
271 verbose stack     at FSReqWrap.oncomplete (fs.js:82:15)
271 verbose stack
271 verbose stack Error: ENOTEMPTY: directory not empty, rename '/Volumes/Macintosh HDD/programare/rubix/meteor/meteor-example/node_modules/bcrypt' -> '/Volumes/Macintosh HDD/programare/rubix/meteor/meteor-example/node_modules/.bcrypt.DELETE'
271 verbose stack     at Error (native)
272 verbose cwd /Volumes/Macintosh HDD/programare/rubix/meteor/meteor-example
273 error Darwin 15.4.0
274 error argv "/Users/tudor/.meteor/packages/meteor-tool/.1.4.0.hl4wt2++os.osx.x86_64+web.browser+web.cordova/mt-os.osx.x86_64/dev_bundle/bin/node" "/Users/tudor/.meteor/packages/meteor-tool/.1.4.0.hl4wt2++os.osx.x86_64+web.browser+web.cordova/mt-os.osx.x86_64/dev_bundle/bin/npm" "install" "bcrypt"
275 error node v4.4.7
276 error npm  v3.10.5
277 error path /Volumes/Macintosh HDD/programare/rubix/meteor/meteor-example/node_modules/bcrypt
278 error code ENOTEMPTY
279 error errno -66
280 error syscall rename
281 error ENOTEMPTY: directory not empty, rename '/Volumes/Macintosh HDD/programare/rubix/meteor/meteor-example/node_modules/bcrypt' -> '/Volumes/Macintosh HDD/programare/rubix/meteor/meteor-example/node_modules/.bcrypt.DELETE'
282 error If you need help, you may report this error at:
282 error     <https://github.com/npm/npm/issues>
283 verbose exit [ -66, true ]
